Copyright 1986-2020 Xilinx, Inc. All Rights Reserved.
----------------------------------------------------------------------------------------------
| Tool Version : Vivado v.2020.1 (win64) Build 2902540 Wed May 27 19:54:49 MDT 2020
| Date         : Tue Apr 14 15:30:54 2026
| Host         : DESKTOP-MB6FK7I running 64-bit major release  (build 9200)
| Command      : report_control_sets -verbose -file TopLevelProcessor_control_sets_placed.rpt
| Design       : TopLevelProcessor
| Device       : xc7a35t
----------------------------------------------------------------------------------------------

Control Set Information

Table of Contents
-----------------
1. Summary
2. Histogram
3. Flip-Flop Distribution
4. Detailed Control Set Information

1. Summary
----------

+----------------------------------------------------------+-------+
|                          Status                          | Count |
+----------------------------------------------------------+-------+
| Total control sets                                       |    38 |
|    Minimum number of control sets                        |    38 |
|    Addition due to synthesis replication                 |     0 |
|    Addition due to physical synthesis replication        |     0 |
| Unused register locations in slices containing registers |    17 |
+----------------------------------------------------------+-------+
* Control sets can be merged at opt_design using control_set_merge or merge_equivalent_drivers
** Run report_qor_suggestions for automated merging and remapping suggestions


2. Histogram
------------

+--------------------+-------+
|       Fanout       | Count |
+--------------------+-------+
| Total control sets |    38 |
| >= 0 to < 4        |     1 |
| >= 4 to < 6        |     0 |
| >= 6 to < 8        |     0 |
| >= 8 to < 10       |     0 |
| >= 10 to < 12      |     0 |
| >= 12 to < 14      |     0 |
| >= 14 to < 16      |     0 |
| >= 16              |    37 |
+--------------------+-------+
* Control sets can be remapped at either synth_design or opt_design


3. Flip-Flop Distribution
-------------------------

+--------------+-----------------------+------------------------+-----------------+--------------+
| Clock Enable | Synchronous Set/Reset | Asynchronous Set/Reset | Total Registers | Total Slices |
+--------------+-----------------------+------------------------+-----------------+--------------+
| No           | No                    | No                     |               2 |            1 |
| No           | No                    | Yes                    |              20 |            5 |
| No           | Yes                   | No                     |              57 |           31 |
| Yes          | No                    | No                     |               0 |            0 |
| Yes          | No                    | Yes                    |               0 |            0 |
| Yes          | Yes                   | No                     |            1008 |          480 |
+--------------+-----------------------+------------------------+-----------------+--------------+


4. Detailed Control Set Information
-----------------------------------

+------------------------+--------------------------------+------------------+------------------+----------------+--------------+
|      Clock Signal      |          Enable Signal         | Set/Reset Signal | Slice Load Count | Bel Load Count | Bels / Slice |
+------------------------+--------------------------------+------------------+------------------+----------------+--------------+
|  clk_IBUF_BUFG         |                                |                  |                1 |              2 |         2.00 |
|  slow_clk_reg_n_0_BUFG | pc_unit/E[0]                   | reset_btn_IBUF   |               10 |             16 |         1.60 |
|  clk_IBUF_BUFG         |                                | reset_btn_IBUF   |                5 |             20 |         4.00 |
|  clk_IBUF_BUFG         |                                | slow_clk         |                7 |             25 |         3.57 |
|  slow_clk_reg_n_0_BUFG |                                | reset_btn_IBUF   |               24 |             32 |         1.33 |
|  slow_clk_reg_n_0_BUFG | pc_unit/PC_reg[7]_9[0]         | reset_btn_IBUF   |               15 |             32 |         2.13 |
|  slow_clk_reg_n_0_BUFG | pc_unit/PC_reg[7]_12[0]        | reset_btn_IBUF   |               20 |             32 |         1.60 |
|  slow_clk_reg_n_0_BUFG | pc_unit/PC_reg[0]_4[0]         | reset_btn_IBUF   |               12 |             32 |         2.67 |
|  slow_clk_reg_n_0_BUFG | pc_unit/PC_reg[0]_19[0]        | reset_btn_IBUF   |               16 |             32 |         2.00 |
|  slow_clk_reg_n_0_BUFG | pc_unit/PC_reg[0]_11[0]        | reset_btn_IBUF   |               12 |             32 |         2.67 |
|  slow_clk_reg_n_0_BUFG | pc_unit/PC_reg[0]_7[0]         | reset_btn_IBUF   |               19 |             32 |         1.68 |
|  slow_clk_reg_n_0_BUFG | pc_unit/PC_reg[0]_0[0]         | reset_btn_IBUF   |                9 |             32 |         3.56 |
|  slow_clk_reg_n_0_BUFG | pc_unit/PC_reg[0]_12[0]        | reset_btn_IBUF   |                9 |             32 |         3.56 |
|  slow_clk_reg_n_0_BUFG | pc_unit/PC_reg[0]_13[0]        | reset_btn_IBUF   |               20 |             32 |         1.60 |
|  slow_clk_reg_n_0_BUFG | pc_unit/PC_reg[0]_14[0]        | reset_btn_IBUF   |               17 |             32 |         1.88 |
|  slow_clk_reg_n_0_BUFG | pc_unit/PC_reg[0]_15[0]        | reset_btn_IBUF   |               20 |             32 |         1.60 |
|  slow_clk_reg_n_0_BUFG | pc_unit/PC_reg[0]_18[0]        | reset_btn_IBUF   |               19 |             32 |         1.68 |
|  slow_clk_reg_n_0_BUFG | pc_unit/PC_reg[0]_2[0]         | reset_btn_IBUF   |               14 |             32 |         2.29 |
|  slow_clk_reg_n_0_BUFG | pc_unit/PC_reg[0]_1[0]         | reset_btn_IBUF   |               14 |             32 |         2.29 |
|  slow_clk_reg_n_0_BUFG | pc_unit/PC_reg[0]_10[0]        | reset_btn_IBUF   |               14 |             32 |         2.29 |
|  slow_clk_reg_n_0_BUFG | pc_unit/PC_reg[0]_17[0]        | reset_btn_IBUF   |               18 |             32 |         1.78 |
|  slow_clk_reg_n_0_BUFG | pc_unit/PC_reg[0]_20[0]        | reset_btn_IBUF   |               19 |             32 |         1.68 |
|  slow_clk_reg_n_0_BUFG | pc_unit/PC_reg[0]_16[0]        | reset_btn_IBUF   |               18 |             32 |         1.78 |
|  slow_clk_reg_n_0_BUFG | pc_unit/PC_reg[0]_21[0]        | reset_btn_IBUF   |               17 |             32 |         1.88 |
|  slow_clk_reg_n_0_BUFG | pc_unit/PC_reg[0]_3[0]         | reset_btn_IBUF   |               19 |             32 |         1.68 |
|  slow_clk_reg_n_0_BUFG | pc_unit/PC_reg[0]_5[0]         | reset_btn_IBUF   |               22 |             32 |         1.45 |
|  slow_clk_reg_n_0_BUFG | pc_unit/PC_reg[0]_6[0]         | reset_btn_IBUF   |               11 |             32 |         2.91 |
|  slow_clk_reg_n_0_BUFG | pc_unit/PC_reg[0]_8[0]         | reset_btn_IBUF   |               14 |             32 |         2.29 |
|  slow_clk_reg_n_0_BUFG | pc_unit/PC_reg[0]_9[0]         | reset_btn_IBUF   |               12 |             32 |         2.67 |
|  slow_clk_reg_n_0_BUFG | pc_unit/PC_reg[7]_10[0]        | reset_btn_IBUF   |               13 |             32 |         2.46 |
|  slow_clk_reg_n_0_BUFG | pc_unit/PC_reg[7]_4[0]         | reset_btn_IBUF   |               18 |             32 |         1.78 |
|  slow_clk_reg_n_0_BUFG | pc_unit/PC_reg[7]_3[0]         | reset_btn_IBUF   |               12 |             32 |         2.67 |
|  slow_clk_reg_n_0_BUFG | pc_unit/PC_reg[7]_11[0]        | reset_btn_IBUF   |               13 |             32 |         2.46 |
|  slow_clk_reg_n_0_BUFG | pc_unit/PC_reg[7]_8[0]         | reset_btn_IBUF   |               12 |             32 |         2.67 |
|  slow_clk_reg_n_0_BUFG | pc_unit/PC_reg[7]_7[0]         | reset_btn_IBUF   |               11 |             32 |         2.91 |
|  slow_clk_reg_n_0_BUFG | pc_unit/PC_reg[7]_6[0]         | reset_btn_IBUF   |               11 |             32 |         2.91 |
|  slow_clk_reg_n_0_BUFG | pc_unit/regs_reg[31][10]_i_4_0 |                  |               32 |            128 |         4.00 |
|  slow_clk_reg_n_0_BUFG | pc_unit/regs_reg[31][10]_i_4_1 |                  |               32 |            128 |         4.00 |
+------------------------+--------------------------------+------------------+------------------+----------------+--------------+


