#-----------------------------------------------------------
# Vivado v2020.1 (64-bit)
# SW Build 2902540 on Wed May 27 19:54:49 MDT 2020
# IP Build 2902112 on Wed May 27 22:43:36 MDT 2020
# Start of session at: Tue Apr 14 15:10:44 2026
# Process ID: 28608
# Current directory: C:/Users/dell/Documents/GitHub/LABS/project_1
# Command line: vivado.exe -gui_launcher_event rodinguilauncherevent24408 C:\Users\dell\Documents\GitHub\LABS\project_1\project_1.xpr
# Log file: C:/Users/dell/Documents/GitHub/LABS/project_1/vivado.log
# Journal file: C:/Users/dell/Documents/GitHub/LABS/project_1\vivado.jou
#-----------------------------------------------------------
start_gui
open_project C:/Users/dell/Documents/GitHub/LABS/project_1/project_1.xpr
INFO: [Project 1-313] Project file moved from 'C:/Users/dell/Downloads/project_1' since last save.
Scanning sources...
Finished scanning sources
WARNING: [filemgmt 56-2] Default IP Output Path : Could not find the directory 'C:/Users/dell/Documents/GitHub/LABS/project_1/project_1.srcs/sources_1', nor could it be found using path 'C:/Users/dell/Downloads/project_1/project_1.srcs/sources_1'.
INFO: [IP_Flow 19-234] Refreshing IP repositories
INFO: [IP_Flow 19-1704] No user IP repositories specified
INFO: [IP_Flow 19-2313] Loaded Vivado IP repository 'D:/Vivado/2020.1/data/ip'.
open_project: Time (s): cpu = 00:00:31 ; elapsed = 00:00:12 . Memory (MB): peak = 1025.520 ; gain = 0.000
file mkdir C:/Users/dell/Documents/GitHub/LABS/project_1/project_1.srcs/sources_1/new
close [ open C:/Users/dell/Documents/GitHub/LABS/project_1/project_1.srcs/sources_1/new/7_segment.v w ]
add_files C:/Users/dell/Documents/GitHub/LABS/project_1/project_1.srcs/sources_1/new/7_segment.v
close [ open C:/Users/dell/Documents/GitHub/LABS/project_1/project_1.srcs/sources_1/new/Toplevelprocessor.v w ]
add_files C:/Users/dell/Documents/GitHub/LABS/project_1/project_1.srcs/sources_1/new/Toplevelprocessor.v
update_compile_order -fileset sources_1
export_ip_user_files -of_objects  [get_files C:/Users/dell/Documents/GitHub/LABS/project_1/project_1.srcs/sources_1/new/7_segment.v] -no_script -reset -force -quiet
remove_files  C:/Users/dell/Documents/GitHub/LABS/project_1/project_1.srcs/sources_1/new/7_segment.v
remove_files  C:/Users/dell/Documents/GitHub/LABS/project_1/project_1.srcs/sources_1/new/7_segment.v
WARNING: [Vivado 12-818] No files matched 'C:/Users/dell/Documents/GitHub/LABS/project_1/project_1.srcs/sources_1/new/7_segment.v'
update_compile_order -fileset sources_1
export_ip_user_files -of_objects  [get_files C:/Users/dell/Documents/GitHub/LABS/project_1/project_1.srcs/sources_1/new/Toplevelprocessor.v] -no_script -reset -force -quiet
remove_files  C:/Users/dell/Documents/GitHub/LABS/project_1/project_1.srcs/sources_1/new/Toplevelprocessor.v
close [ open C:/Users/dell/Documents/GitHub/LABS/project_1/project_1.srcs/sources_1/new/SevenSegmentControl.v w ]
add_files C:/Users/dell/Documents/GitHub/LABS/project_1/project_1.srcs/sources_1/new/SevenSegmentControl.v
close [ open C:/Users/dell/Documents/GitHub/LABS/project_1/project_1.srcs/sources_1/new/TopLevelProcessor.v w ]
add_files C:/Users/dell/Documents/GitHub/LABS/project_1/project_1.srcs/sources_1/new/TopLevelProcessor.v
update_compile_order -fileset sources_1
WARNING: [filemgmt 56-199] Attempt to get parsing info during refresh. "On-the-fly" syntax checking information may be incorrect. [C:\Users\dell\Documents\GitHub\LABS\project_1\project_1.srcs\sources_1\new\7_segment.v:]
WARNING: [filemgmt 56-199] Attempt to get parsing info during refresh. "On-the-fly" syntax checking information may be incorrect. [C:\Users\dell\Documents\GitHub\LABS\project_1\project_1.srcs\sources_1\new\SevenSegmentControl.v:]
WARNING: [filemgmt 56-199] Attempt to get parsing info during refresh. "On-the-fly" syntax checking information may be incorrect. [C:\Users\dell\Documents\GitHub\LABS\project_1\project_1.srcs\sources_1\new\Toplevelprocessor.v:]
ERROR: [Common 17-180] Spawn failed: No such file or directory
WARNING: [filemgmt 56-199] Attempt to get parsing info during refresh. "On-the-fly" syntax checking information may be incorrect. [C:\Users\dell\Documents\GitHub\LABS\project_1\project_1.srcs\sources_1\new\7_segment.v:]
WARNING: [filemgmt 56-199] Attempt to get parsing info during refresh. "On-the-fly" syntax checking information may be incorrect. [C:\Users\dell\Documents\GitHub\LABS\project_1\project_1.srcs\sources_1\new\SevenSegmentControl.v:]
WARNING: [filemgmt 56-199] Attempt to get parsing info during refresh. "On-the-fly" syntax checking information may be incorrect. [C:\Users\dell\Documents\GitHub\LABS\project_1\project_1.srcs\sources_1\new\Toplevelprocessor.v:]
ERROR: [Common 17-180] Spawn failed: No such file or directory
WARNING: [filemgmt 56-199] Attempt to get parsing info during refresh. "On-the-fly" syntax checking information may be incorrect. [C:\Users\dell\Documents\GitHub\LABS\project_1\project_1.srcs\sources_1\new\7_segment.v:]
WARNING: [filemgmt 56-199] Attempt to get parsing info during refresh. "On-the-fly" syntax checking information may be incorrect. [C:\Users\dell\Documents\GitHub\LABS\project_1\project_1.srcs\sources_1\new\SevenSegmentControl.v:]
WARNING: [filemgmt 56-199] Attempt to get parsing info during refresh. "On-the-fly" syntax checking information may be incorrect. [C:\Users\dell\Documents\GitHub\LABS\project_1\project_1.srcs\sources_1\new\Toplevelprocessor.v:]
ERROR: [Common 17-180] Spawn failed: No such file or directory
update_compile_order -fileset sources_1
WARNING: [filemgmt 56-199] Attempt to get parsing info during refresh. "On-the-fly" syntax checking information may be incorrect. [C:\Users\dell\Documents\GitHub\LABS\project_1\project_1.srcs\sources_1\new\7_segment.v:]
WARNING: [filemgmt 56-199] Attempt to get parsing info during refresh. "On-the-fly" syntax checking information may be incorrect. [C:\Users\dell\Documents\GitHub\LABS\project_1\project_1.srcs\sources_1\new\SevenSegmentControl.v:]
WARNING: [filemgmt 56-199] Attempt to get parsing info during refresh. "On-the-fly" syntax checking information may be incorrect. [C:\Users\dell\Documents\GitHub\LABS\project_1\project_1.srcs\sources_1\new\Toplevelprocessor.v:]
ERROR: [Common 17-180] Spawn failed: No such file or directory
WARNING: [filemgmt 56-199] Attempt to get parsing info during refresh. "On-the-fly" syntax checking information may be incorrect. [C:\Users\dell\Documents\GitHub\LABS\project_1\project_1.srcs\sources_1\new\7_segment.v:]
WARNING: [filemgmt 56-199] Attempt to get parsing info during refresh. "On-the-fly" syntax checking information may be incorrect. [C:\Users\dell\Documents\GitHub\LABS\project_1\project_1.srcs\sources_1\new\SevenSegmentControl.v:]
WARNING: [filemgmt 56-199] Attempt to get parsing info during refresh. "On-the-fly" syntax checking information may be incorrect. [C:\Users\dell\Documents\GitHub\LABS\project_1\project_1.srcs\sources_1\new\Toplevelprocessor.v:]
ERROR: [Common 17-180] Spawn failed: No such file or directory
file mkdir C:/Users/dell/Documents/GitHub/LABS/project_1/project_1.srcs/constrs_1
file mkdir C:/Users/dell/Documents/GitHub/LABS/project_1/project_1.srcs/constrs_1/new
close [ open C:/Users/dell/Documents/GitHub/LABS/project_1/project_1.srcs/constrs_1/new/lab.xdc w ]
add_files -fileset constrs_1 C:/Users/dell/Documents/GitHub/LABS/project_1/project_1.srcs/constrs_1/new/lab.xdc
