#-----------------------------------------------------------
# Vivado v2020.1 (64-bit)
# SW Build 2902540 on Wed May 27 19:54:49 MDT 2020
# IP Build 2902112 on Wed May 27 22:43:36 MDT 2020
# Start of session at: Tue Feb 24 14:21:28 2026
# Process ID: 1092
# Current directory: C:/Users/sm09751/Downloads/CAlab5+6+7/CAlab5+6+7/CAlab5/CAlab5.sim/sim_1/behav/xsim
# Command line: vivado.exe -gui_launcher_event rodinguilauncherevent27112 C:\Users\sm09751\Downloads\CAlab5+6+7\CAlab5+6+7\CAlab5\CAlab5.sim\sim_1\behav\xsim\top_rf_alu_tb_behav.wdb
# Log file: C:/Users/sm09751/Downloads/CAlab5+6+7/CAlab5+6+7/CAlab5/CAlab5.sim/sim_1/behav/xsim/vivado.log
# Journal file: C:/Users/sm09751/Downloads/CAlab5+6+7/CAlab5+6+7/CAlab5/CAlab5.sim/sim_1/behav/xsim\vivado.jou
#-----------------------------------------------------------
start_gui
open_wave_database {C:\Users\sm09751\Downloads\CAlab5+6+7\CAlab5+6+7\CAlab5\CAlab5.sim\sim_1\behav\xsim\top_rf_alu_tb_behav.wdb}
INFO: [IP_Flow 19-234] Refreshing IP repositories
INFO: [IP_Flow 19-1704] No user IP repositories specified
INFO: [IP_Flow 19-2313] Loaded Vivado IP repository 'C:/Xilinx/Vivado/2020.1/data/ip'.
cclose_sim
INFO: [Simtcl 6-16] Simulation closed
exit
INFO: [Common 17-206] Exiting Vivado at Tue Feb 24 14:21:51 2026...
