#-----------------------------------------------------------
# Vivado v2020.1 (64-bit)
# SW Build 2902540 on Wed May 27 19:54:49 MDT 2020
# IP Build 2902112 on Wed May 27 22:43:36 MDT 2020
# Start of session at: Tue Feb 24 00:53:11 2026
# Process ID: 4224
# Current directory: C:/Users/SOHAIB MUHAMMAD/OneDrive/CAlab5+6+7/CAlab5
# Command line: vivado.exe -gui_launcher_event rodinguilauncherevent26508 C:\Users\SOHAIB MUHAMMAD\OneDrive\CAlab5+6+7\CAlab5\CAlab5.xpr
# Log file: C:/Users/SOHAIB MUHAMMAD/OneDrive/CAlab5+6+7/CAlab5/vivado.log
# Journal file: C:/Users/SOHAIB MUHAMMAD/OneDrive/CAlab5+6+7/CAlab5\vivado.jou
#-----------------------------------------------------------
start_gui
open_project {C:/Users/SOHAIB MUHAMMAD/OneDrive/CAlab5+6+7/CAlab5/CAlab5.xpr}
INFO: [Project 1-313] Project file moved from 'C:/Users/SOHAIB MUHAMMAD/OneDrive/Desktop/CAlab5+6+7/CAlab5' since last save.
Scanning sources...
Finished scanning sources
WARNING: [Project 1-509] GeneratedRun file for 'synth_1' not found
WARNING: [Project 1-509] GeneratedRun file for 'impl_1' not found
WARNING: [filemgmt 56-2] IPUserFilesDir: Could not find the directory 'C:/Users/SOHAIB MUHAMMAD/OneDrive/CAlab5+6+7/CAlab5/CAlab5.ip_user_files', nor could it be found using path 'C:/Users/SOHAIB MUHAMMAD/OneDrive/Desktop/CAlab5+6+7/CAlab5/CAlab5.ip_user_files'.
INFO: [IP_Flow 19-234] Refreshing IP repositories
INFO: [IP_Flow 19-1704] No user IP repositories specified
INFO: [IP_Flow 19-2313] Loaded Vivado IP repository 'C:/Xilinx/Vivado/2020.1/data/ip'.
update_compile_order -fileset sources_1
exit
INFO: [Common 17-206] Exiting Vivado at Tue Feb 24 00:55:29 2026...
MAD/OneDrive/CAlab5+6+7/CAlab5/CAlab5.cache/wt' already exists, is a directory, but is not writable.
launch_simulation
Command: launch_simulation 
INFO: [Vivado 12-5682] Launching behavioral simulation in 'C:/Users/SOHAIB MUHAMMAD/OneDrive/CAlab5+6+7/CAlab5/CAlab5.sim/sim_1/behav/xsim'
INFO: [SIM-utils-51] Simulation object is 'sim_1'
INFO: [USF-XSim-7] Finding pre-compiled libraries...
INFO: [USF-XSim-11] File 'C:/Xilinx/Vivado/2020.1/data/xsim/xsim.ini' copied to run dir:'C:/Users/SOHAIB MUHAMMAD/OneDrive/CAlab5+6+7/CAlab5/CAlab5.sim/sim_1/behav/xsim'
INFO: [SIM-utils-54] Inspecting design source files for 'RegisterFile_tb' in fileset 'sim_1'...
INFO: [USF-XSim-97] Finding global include files...
INFO: [USF-XSim-98] Fetching design files from 'sim_1'...
INFO: [USF-XSim-2] XSim::Compile design
INFO: [USF-XSim-61] Executing 'COMPILE and ANALYZE' step in 'C:/Users/SOHAIB MUHAMMAD/OneDrive/CAlab5+6+7/CAlab5/CAlab5.sim/sim_1/behav/xsim'
INFO: [USF-XSim-69] 'compile' step finished in '0' seconds
ERROR: [USF-XSim-62] 'compile' step failed with error(s) while executing 'C:/Users/SOHAIB MUHAMMAD/OneDrive/CAlab5+6+7/CAlab5/CAlab5.sim/sim_1/behav/xsim/compile.bat' script. Please check that the file has the correct 'read/write/execute' permissions and the Tcl console output for any other possible errors or warnings.
ERROR: [Vivado 12-4473] Detected error while running simulation. Please correct the issue and retry this operation.
ERROR: [Common 17-39] 'launch_simulation' failed due to earlier errors.
launch_simulation
ERROR: [Common 17-1293] The path 'C:/Users/SOHAIB MUHAMMAD/OneDrive/CAlab5+6+7/CAlab5/CAlab5.cache/wt' already exists, is a directory, but is not writable.
launch_simulation
ERROR: [Common 17-1293] The path 'C:/Users/SOHAIB MUHAMMAD/OneDrive/CAlab5+6+7/CAlab5/CAlab5.cache/wt' already exists, is a directory, but is not writable.
launch_simulation
Command: launch_simulation 
INFO: [Vivado 12-5682] Launching behavioral simulation in 'C:/Users/SOHAIB MUHAMMAD/OneDrive/CAlab5+6+7/CAlab5/CAlab5.sim/sim_1/behav/xsim'
INFO: [SIM-utils-51] Simulation object is 'sim_1'
INFO: [USF-XSim-7] Finding pre-compiled libraries...
INFO: [USF-XSim-11] File 'C:/Xilinx/Vivado/2020.1/data/xsim/xsim.ini' copied to run dir:'C:/Users/SOHAIB MUHAMMAD/OneDrive/CAlab5+6+7/CAlab5/CAlab5.sim/sim_1/behav/xsim'
INFO: [SIM-utils-54] Inspecting design source files for 'RegisterFile_tb' in fileset 'sim_1'...
INFO: [USF-XSim-97] Finding global include files...
INFO: [USF-XSim-98] Fetching design files from 'sim_1'...
INFO: [USF-XSim-2] XSim::Compile design
INFO: [USF-XSim-61] Executing 'COMPILE and ANALYZE' step in 'C:/Users/SOHAIB MUHAMMAD/OneDrive/CAlab5+6+7/CAlab5/CAlab5.sim/sim_1/behav/xsim'
INFO: [USF-XSim-69] 'compile' step finished in '0' seconds
ERROR: [USF-XSim-62] 'compile' step failed with error(s) while executing 'C:/Users/SOHAIB MUHAMMAD/OneDrive/CAlab5+6+7/CAlab5/CAlab5.sim/sim_1/behav/xsim/compile.bat' script. Please check that the file has the correct 'read/write/execute' permissions and the Tcl console output for any other possible errors or warnings.
ERROR: [Vivado 12-4473] Detected error while running simulation. Please correct the issue and retry this operation.
ERROR: [Common 17-39] 'launch_simulation' failed due to earlier errors.
exit
INFO: [Common 17-206] Exiting Vivado at Tue Feb 24 01:04:59 2026...
