#-----------------------------------------------------------
# Vivado v2020.1 (64-bit)
# SW Build 2902540 on Wed May 27 19:54:49 MDT 2020
# IP Build 2902112 on Wed May 27 22:43:36 MDT 2020
# Start of session at: Tue Feb 24 14:22:11 2026
# Process ID: 9584
# Current directory: C:/Users/sm09751/Downloads/CAlab5+6+7/CAlab5+6+7/CAlab5
# Command line: vivado.exe -gui_launcher_event rodinguilauncherevent21264 C:\Users\sm09751\Downloads\CAlab5+6+7\CAlab5+6+7\CAlab5\CAlab5.xpr
# Log file: C:/Users/sm09751/Downloads/CAlab5+6+7/CAlab5+6+7/CAlab5/vivado.log
# Journal file: C:/Users/sm09751/Downloads/CAlab5+6+7/CAlab5+6+7/CAlab5\vivado.jou
#-----------------------------------------------------------
start_gui
open_project C:/Users/sm09751/Downloads/CAlab5+6+7/CAlab5+6+7/CAlab5/CAlab5.xpr
Scanning sources...
Finished scanning sources
INFO: [IP_Flow 19-234] Refreshing IP repositories
INFO: [IP_Flow 19-1704] No user IP repositories specified
INFO: [IP_Flow 19-2313] Loaded Vivado IP repository 'C:/Xilinx/Vivado/2020.1/data/ip'.
update_compile_order -fileset sources_1
launch_simulation
Command: launch_simulation 
INFO: [Vivado 12-5682] Launching behavioral simulation in 'C:/Users/sm09751/Downloads/CAlab5+6+7/CAlab5+6+7/CAlab5/CAlab5.sim/sim_1/behav/xsim'
INFO: [SIM-utils-51] Simulation object is 'sim_1'
INFO: [USF-XSim-7] Finding pre-compiled libraries...
INFO: [USF-XSim-11] File 'C:/Xilinx/Vivado/2020.1/data/xsim/xsim.ini' copied to run dir:'C:/Users/sm09751/Downloads/CAlab5+6+7/CAlab5+6+7/CAlab5/CAlab5.sim/sim_1/behav/xsim'
INFO: [SIM-utils-54] Inspecting design source files for 'top_rf_alu_tb' in fileset 'sim_1'...
INFO: [USF-XSim-97] Finding global include files...
INFO: [USF-XSim-98] Fetching design files from 'sim_1'...
INFO: [USF-XSim-2] XSim::Compile design
INFO: [USF-XSim-61] Executing 'COMPILE and ANALYZE' step in 'C:/Users/sm09751/Downloads/CAlab5+6+7/CAlab5+6+7/CAlab5/CAlab5.sim/sim_1/behav/xsim'
"xvlog --incr --relax -prj top_rf_alu_tb_vlog.prj"
INFO: [VRFC 10-2263] Analyzing Verilog file "C:/Users/sm09751/Downloads/CAlab5+6+7/CAlab5+6+7/CAlab5/CAlab5.srcs/sources_1/new/ALU_Wrapper.v" into library xil_defaultlib
INFO: [VRFC 10-311] analyzing module ALU_wrapper
INFO: [VRFC 10-2263] Analyzing Verilog file "C:/Users/sm09751/Downloads/CAlab5+6+7/CAlab5+6+7/CAlab5/CAlab5.srcs/sources_1/new/RegisterFile.v" into library xil_defaultlib
INFO: [VRFC 10-311] analyzing module RegisterFile
INFO: [VRFC 10-2263] Analyzing Verilog file "C:/Users/sm09751/Downloads/CAlab5+6+7/CAlab5+6+7/CAlab5/CAlab5.srcs/sources_1/new/alu.v" into library xil_defaultlib
INFO: [VRFC 10-311] analyzing module alu_1bit
INFO: [VRFC 10-2263] Analyzing Verilog file "C:/Users/sm09751/Downloads/CAlab5+6+7/CAlab5+6+7/CAlab5/CAlab5.srcs/sources_1/new/clock_divider.v" into library xil_defaultlib
INFO: [VRFC 10-311] analyzing module clock_divider
INFO: [VRFC 10-2263] Analyzing Verilog file "C:/Users/sm09751/Downloads/CAlab5+6+7/CAlab5+6+7/CAlab5/CAlab5.srcs/sources_1/new/debouncer.v" into library xil_defaultlib
INFO: [VRFC 10-311] analyzing module debouncer
INFO: [VRFC 10-2263] Analyzing Verilog file "C:/Users/sm09751/Downloads/CAlab5+6+7/CAlab5+6+7/CAlab5/CAlab5.srcs/sources_1/new/seven_segment.v" into library xil_defaultlib
INFO: [VRFC 10-311] analyzing module seven_segment
INFO: [VRFC 10-2263] Analyzing Verilog file "C:/Users/sm09751/Downloads/CAlab5+6+7/CAlab5+6+7/CAlab5/CAlab5.srcs/sources_1/new/top.v" into library xil_defaultlib
INFO: [VRFC 10-311] analyzing module top
INFO: [VRFC 10-2263] Analyzing Verilog file "C:/Users/sm09751/Downloads/CAlab5+6+7/CAlab5+6+7/CAlab5/CAlab5.srcs/sources_1/new/top_rf_alu.v" into library xil_defaultlib
INFO: [VRFC 10-311] analyzing module top_rf_alu_tb
INFO: [USF-XSim-69] 'compile' step finished in '1' seconds
INFO: [USF-XSim-3] XSim::Elaborate design
INFO: [USF-XSim-61] Executing 'ELABORATE' step in 'C:/Users/sm09751/Downloads/CAlab5+6+7/CAlab5+6+7/CAlab5/CAlab5.sim/sim_1/behav/xsim'
"xelab -wto a1c410912707409195d5923a570e22df --incr --debug typical --relax --mt 2 -L xil_defaultlib -L unisims_ver -L unimacro_ver -L secureip -L xpm --snapshot top_rf_alu_tb_behav xil_defaultlib.top_rf_alu_tb xil_defaultlib.glbl -log elaborate.log"
Vivado Simulator 2020.1
Copyright 1986-1999, 2001-2020 Xilinx, Inc. All Rights Reserved.
Running: C:/Xilinx/Vivado/2020.1/bin/unwrapped/win64.o/xelab.exe -wto a1c410912707409195d5923a570e22df --incr --debug typical --relax --mt 2 -L xil_defaultlib -L unisims_ver -L unimacro_ver -L secureip -L xpm --snapshot top_rf_alu_tb_behav xil_defaultlib.top_rf_alu_tb xil_defaultlib.glbl -log elaborate.log 
Using 2 slave threads.
Starting static elaboration
Pass Through NonSizing Optimizer
Completed static elaboration
Starting simulation data flow analysis
Completed simulation data flow analysis
Time Resolution for simulation is 1ps
Compiling module xil_defaultlib.debouncer
Compiling module xil_defaultlib.clock_divider(ONE_HZ_LIMIT=10)
Compiling module xil_defaultlib.RegisterFile
Compiling module xil_defaultlib.alu_1bit
Compiling module xil_defaultlib.ALU_wrapper_default
Compiling module xil_defaultlib.seven_segment
Compiling module xil_defaultlib.top
Compiling module xil_defaultlib.top_rf_alu_tb
Compiling module xil_defaultlib.glbl
Built simulation snapshot top_rf_alu_tb_behav
INFO: [USF-XSim-69] 'elaborate' step finished in '2' seconds
INFO: [USF-XSim-4] XSim::Simulate design
INFO: [USF-XSim-61] Executing 'SIMULATE' step in 'C:/Users/sm09751/Downloads/CAlab5+6+7/CAlab5+6+7/CAlab5/CAlab5.sim/sim_1/behav/xsim'
INFO: [USF-XSim-98] *** Running xsim
   with args "top_rf_alu_tb_behav -key {Behavioral:sim_1:Functional:top_rf_alu_tb} -tclbatch {top_rf_alu_tb.tcl} -view {C:/Users/sm09751/Downloads/CAlab5+6+7/CAlab5+6+7/CAlab5/top_rf_alu_tb_behav.wcfg} -log {simulate.log}"
INFO: [USF-XSim-8] Loading simulator feature
Vivado Simulator 2020.1
Time resolution is 1 ps
open_wave_config C:/Users/sm09751/Downloads/CAlab5+6+7/CAlab5+6+7/CAlab5/top_rf_alu_tb_behav.wcfg
source top_rf_alu_tb.tcl
# set curr_wave [current_wave_config]
# if { [string length $curr_wave] == 0 } {
#   if { [llength [get_objects]] > 0} {
#     add_wave /
#     set_property needs_save false [current_wave_config]
#   } else {
#      send_msg_id Add_Wave-1 WARNING "No top level signals found. Simulator will start without a wave window. If you want to open a wave window go to 'File->New Waveform Configuration' or type 'create_wave_config' in the TCL console."
#   }
# }
# run all
--- Starting Lab 7 Integrated Simulation ---

Final Verification at S_DONE:
Register x1 contains: 10101010
Register x2 contains: 01010101
ALU Result (AND): 0f0f0f0f
Zero Flag: 0

FAIL: Result or Zero flag mismatch.
$finish called at time : 885 ns : File "C:/Users/sm09751/Downloads/CAlab5+6+7/CAlab5+6+7/CAlab5/CAlab5.srcs/sources_1/new/top_rf_alu.v" Line 75
INFO: [USF-XSim-96] XSim completed. Design snapshot 'top_rf_alu_tb_behav' loaded.
INFO: [USF-XSim-97] XSim simulation ran for all
launch_simulation: Time (s): cpu = 00:00:05 ; elapsed = 00:00:06 . Memory (MB): peak = 1231.746 ; gain = 0.000
set_property top RegisterFile_tb [get_filesets sim_1]
set_property top_lib xil_defaultlib [get_filesets sim_1]
update_compile_order -fileset sim_1
launch_simulation
Command: launch_simulation 
boost::filesystem::remove: The process cannot access the file because it is being used by another process: "C:/Users/sm09751/Downloads/CAlab5+6+7/CAlab5+6+7/CAlab5/CAlab5.sim/sim_1/behav/xsim/simulate.log"
close_sim
INFO: [Simtcl 6-16] Simulation closed
launch_simulation
Command: launch_simulation 
INFO: [Vivado 12-5682] Launching behavioral simulation in 'C:/Users/sm09751/Downloads/CAlab5+6+7/CAlab5+6+7/CAlab5/CAlab5.sim/sim_1/behav/xsim'
INFO: [SIM-utils-51] Simulation object is 'sim_1'
INFO: [USF-XSim-7] Finding pre-compiled libraries...
INFO: [USF-XSim-11] File 'C:/Xilinx/Vivado/2020.1/data/xsim/xsim.ini' copied to run dir:'C:/Users/sm09751/Downloads/CAlab5+6+7/CAlab5+6+7/CAlab5/CAlab5.sim/sim_1/behav/xsim'
INFO: [SIM-utils-54] Inspecting design source files for 'RegisterFile_tb' in fileset 'sim_1'...
INFO: [USF-XSim-97] Finding global include files...
INFO: [USF-XSim-98] Fetching design files from 'sim_1'...
INFO: [USF-XSim-2] XSim::Compile design
INFO: [USF-XSim-61] Executing 'COMPILE and ANALYZE' step in 'C:/Users/sm09751/Downloads/CAlab5+6+7/CAlab5+6+7/CAlab5/CAlab5.sim/sim_1/behav/xsim'
"xvlog --incr --relax -prj RegisterFile_tb_vlog.prj"
INFO: [USF-XSim-69] 'compile' step finished in '1' seconds
INFO: [USF-XSim-3] XSim::Elaborate design
INFO: [USF-XSim-61] Executing 'ELABORATE' step in 'C:/Users/sm09751/Downloads/CAlab5+6+7/CAlab5+6+7/CAlab5/CAlab5.sim/sim_1/behav/xsim'
"xelab -wto a1c410912707409195d5923a570e22df --incr --debug typical --relax --mt 2 -L xil_defaultlib -L unisims_ver -L unimacro_ver -L secureip -L xpm --snapshot RegisterFile_tb_behav xil_defaultlib.RegisterFile_tb xil_defaultlib.glbl -log elaborate.log"
Vivado Simulator 2020.1
Copyright 1986-1999, 2001-2020 Xilinx, Inc. All Rights Reserved.
Running: C:/Xilinx/Vivado/2020.1/bin/unwrapped/win64.o/xelab.exe -wto a1c410912707409195d5923a570e22df --incr --debug typical --relax --mt 2 -L xil_defaultlib -L unisims_ver -L unimacro_ver -L secureip -L xpm --snapshot RegisterFile_tb_behav xil_defaultlib.RegisterFile_tb xil_defaultlib.glbl -log elaborate.log 
Using 2 slave threads.
Starting static elaboration
Pass Through NonSizing Optimizer
Completed static elaboration
Starting simulation data flow analysis
Completed simulation data flow analysis
Time Resolution for simulation is 1ps
Compiling module xil_defaultlib.RegisterFile
Compiling module xil_defaultlib.RegisterFile_tb
Compiling module xil_defaultlib.glbl
Built simulation snapshot RegisterFile_tb_behav
INFO: [USF-XSim-69] 'elaborate' step finished in '1' seconds
INFO: [USF-XSim-4] XSim::Simulate design
INFO: [USF-XSim-61] Executing 'SIMULATE' step in 'C:/Users/sm09751/Downloads/CAlab5+6+7/CAlab5+6+7/CAlab5/CAlab5.sim/sim_1/behav/xsim'
INFO: [USF-XSim-98] *** Running xsim
   with args "RegisterFile_tb_behav -key {Behavioral:sim_1:Functional:RegisterFile_tb} -tclbatch {RegisterFile_tb.tcl} -view {C:/Users/sm09751/Downloads/CAlab5+6+7/CAlab5+6+7/CAlab5/top_rf_alu_tb_behav.wcfg} -log {simulate.log}"
INFO: [USF-XSim-8] Loading simulator feature
Vivado Simulator 2020.1
Time resolution is 1 ps
open_wave_config C:/Users/sm09751/Downloads/CAlab5+6+7/CAlab5+6+7/CAlab5/top_rf_alu_tb_behav.wcfg
WARNING: Simulation object /top_rf_alu_tb/clk was not found in the design.
WARNING: Simulation object /top_rf_alu_tb/reset_btn was not found in the design.
WARNING: Simulation object /top_rf_alu_tb/switches was not found in the design.
WARNING: Simulation object /top_rf_alu_tb/leds was not found in the design.
WARNING: Simulation object /top_rf_alu_tb/seg was not found in the design.
WARNING: Simulation object /top_rf_alu_tb/an was not found in the design.
source RegisterFile_tb.tcl
# set curr_wave [current_wave_config]
# if { [string length $curr_wave] == 0 } {
#   if { [llength [get_objects]] > 0} {
#     add_wave /
#     set_property needs_save false [current_wave_config]
#   } else {
#      send_msg_id Add_Wave-1 WARNING "No top level signals found. Simulator will start without a wave window. If you want to open a wave window go to 'File->New Waveform Configuration' or type 'create_wave_config' in the TCL console."
#   }
# }
# run all
PASS: Write/read for x5 = deadbeef
PASS: x0 remains 0 after write attempt
PASS: dual read x6/x7 OK
PASS: overwrite x8 OK = bbbbbbbb
PASS: reset cleared registers
RegisterFile_tb completed.
$finish called at time : 182 ns : File "C:/Users/sm09751/Downloads/CAlab5+6+7/CAlab5+6+7/CAlab5/CAlab5.srcs/sim_1/new/RegisterFile_tb.v" Line 126
INFO: [USF-XSim-96] XSim completed. Design snapshot 'RegisterFile_tb_behav' loaded.
INFO: [USF-XSim-97] XSim simulation ran for all
close_sim
INFO: [Simtcl 6-16] Simulation closed
launch_simulation
Command: launch_simulation 
INFO: [Vivado 12-5682] Launching behavioral simulation in 'C:/Users/sm09751/Downloads/CAlab5+6+7/CAlab5+6+7/CAlab5/CAlab5.sim/sim_1/behav/xsim'
INFO: [SIM-utils-51] Simulation object is 'sim_1'
INFO: [USF-XSim-7] Finding pre-compiled libraries...
INFO: [USF-XSim-11] File 'C:/Xilinx/Vivado/2020.1/data/xsim/xsim.ini' copied to run dir:'C:/Users/sm09751/Downloads/CAlab5+6+7/CAlab5+6+7/CAlab5/CAlab5.sim/sim_1/behav/xsim'
INFO: [SIM-utils-54] Inspecting design source files for 'RegisterFile_tb' in fileset 'sim_1'...
INFO: [USF-XSim-97] Finding global include files...
INFO: [USF-XSim-98] Fetching design files from 'sim_1'...
INFO: [USF-XSim-2] XSim::Compile design
INFO: [USF-XSim-61] Executing 'COMPILE and ANALYZE' step in 'C:/Users/sm09751/Downloads/CAlab5+6+7/CAlab5+6+7/CAlab5/CAlab5.sim/sim_1/behav/xsim'
"xvlog --incr --relax -prj RegisterFile_tb_vlog.prj"
INFO: [USF-XSim-69] 'compile' step finished in '1' seconds
INFO: [USF-XSim-3] XSim::Elaborate design
INFO: [USF-XSim-61] Executing 'ELABORATE' step in 'C:/Users/sm09751/Downloads/CAlab5+6+7/CAlab5+6+7/CAlab5/CAlab5.sim/sim_1/behav/xsim'
"xelab -wto a1c410912707409195d5923a570e22df --incr --debug typical --relax --mt 2 -L xil_defaultlib -L unisims_ver -L unimacro_ver -L secureip -L xpm --snapshot RegisterFile_tb_behav xil_defaultlib.RegisterFile_tb xil_defaultlib.glbl -log elaborate.log"
Vivado Simulator 2020.1
Copyright 1986-1999, 2001-2020 Xilinx, Inc. All Rights Reserved.
Running: C:/Xilinx/Vivado/2020.1/bin/unwrapped/win64.o/xelab.exe -wto a1c410912707409195d5923a570e22df --incr --debug typical --relax --mt 2 -L xil_defaultlib -L unisims_ver -L unimacro_ver -L secureip -L xpm --snapshot RegisterFile_tb_behav xil_defaultlib.RegisterFile_tb xil_defaultlib.glbl -log elaborate.log 
Using 2 slave threads.
Starting static elaboration
Pass Through NonSizing Optimizer
Completed static elaboration
INFO: [XSIM 43-4323] No Change in HDL. Linking previously generated obj files to create kernel
INFO: [USF-XSim-69] 'elaborate' step finished in '1' seconds
INFO: [USF-XSim-4] XSim::Simulate design
INFO: [USF-XSim-61] Executing 'SIMULATE' step in 'C:/Users/sm09751/Downloads/CAlab5+6+7/CAlab5+6+7/CAlab5/CAlab5.sim/sim_1/behav/xsim'
INFO: [USF-XSim-98] *** Running xsim
   with args "RegisterFile_tb_behav -key {Behavioral:sim_1:Functional:RegisterFile_tb} -tclbatch {RegisterFile_tb.tcl} -view {C:/Users/sm09751/Downloads/CAlab5+6+7/CAlab5+6+7/CAlab5/top_rf_alu_tb_behav.wcfg} -log {simulate.log}"
INFO: [USF-XSim-8] Loading simulator feature
Vivado Simulator 2020.1
Time resolution is 1 ps
open_wave_config C:/Users/sm09751/Downloads/CAlab5+6+7/CAlab5+6+7/CAlab5/top_rf_alu_tb_behav.wcfg
WARNING: Simulation object /top_rf_alu_tb/clk was not found in the design.
WARNING: Simulation object /top_rf_alu_tb/reset_btn was not found in the design.
WARNING: Simulation object /top_rf_alu_tb/switches was not found in the design.
WARNING: Simulation object /top_rf_alu_tb/leds was not found in the design.
WARNING: Simulation object /top_rf_alu_tb/seg was not found in the design.
WARNING: Simulation object /top_rf_alu_tb/an was not found in the design.
source RegisterFile_tb.tcl
# set curr_wave [current_wave_config]
# if { [string length $curr_wave] == 0 } {
#   if { [llength [get_objects]] > 0} {
#     add_wave /
#     set_property needs_save false [current_wave_config]
#   } else {
#      send_msg_id Add_Wave-1 WARNING "No top level signals found. Simulator will start without a wave window. If you want to open a wave window go to 'File->New Waveform Configuration' or type 'create_wave_config' in the TCL console."
#   }
# }
# run all
PASS: Write/read for x5 = deadbeef
PASS: x0 remains 0 after write attempt
PASS: dual read x6/x7 OK
PASS: overwrite x8 OK = bbbbbbbb
PASS: reset cleared registers
RegisterFile_tb completed.
$finish called at time : 182 ns : File "C:/Users/sm09751/Downloads/CAlab5+6+7/CAlab5+6+7/CAlab5/CAlab5.srcs/sim_1/new/RegisterFile_tb.v" Line 126
INFO: [USF-XSim-96] XSim completed. Design snapshot 'RegisterFile_tb_behav' loaded.
INFO: [USF-XSim-97] XSim simulation ran for all
set_property top top_rf_alu_tb [get_filesets sim_1]
set_property top_lib xil_defaultlib [get_filesets sim_1]
update_compile_order -fileset sim_1
close_sim
INFO: [Simtcl 6-16] Simulation closed
launch_simulation
Command: launch_simulation 
INFO: [Vivado 12-5682] Launching behavioral simulation in 'C:/Users/sm09751/Downloads/CAlab5+6+7/CAlab5+6+7/CAlab5/CAlab5.sim/sim_1/behav/xsim'
INFO: [SIM-utils-51] Simulation object is 'sim_1'
INFO: [USF-XSim-7] Finding pre-compiled libraries...
INFO: [USF-XSim-11] File 'C:/Xilinx/Vivado/2020.1/data/xsim/xsim.ini' copied to run dir:'C:/Users/sm09751/Downloads/CAlab5+6+7/CAlab5+6+7/CAlab5/CAlab5.sim/sim_1/behav/xsim'
INFO: [SIM-utils-54] Inspecting design source files for 'top_rf_alu_tb' in fileset 'sim_1'...
INFO: [USF-XSim-97] Finding global include files...
INFO: [USF-XSim-98] Fetching design files from 'sim_1'...
INFO: [USF-XSim-2] XSim::Compile design
INFO: [USF-XSim-61] Executing 'COMPILE and ANALYZE' step in 'C:/Users/sm09751/Downloads/CAlab5+6+7/CAlab5+6+7/CAlab5/CAlab5.sim/sim_1/behav/xsim'
"xvlog --incr --relax -prj top_rf_alu_tb_vlog.prj"
INFO: [USF-XSim-69] 'compile' step finished in '1' seconds
INFO: [USF-XSim-3] XSim::Elaborate design
INFO: [USF-XSim-61] Executing 'ELABORATE' step in 'C:/Users/sm09751/Downloads/CAlab5+6+7/CAlab5+6+7/CAlab5/CAlab5.sim/sim_1/behav/xsim'
"xelab -wto a1c410912707409195d5923a570e22df --incr --debug typical --relax --mt 2 -L xil_defaultlib -L unisims_ver -L unimacro_ver -L secureip -L xpm --snapshot top_rf_alu_tb_behav xil_defaultlib.top_rf_alu_tb xil_defaultlib.glbl -log elaborate.log"
Vivado Simulator 2020.1
Copyright 1986-1999, 2001-2020 Xilinx, Inc. All Rights Reserved.
Running: C:/Xilinx/Vivado/2020.1/bin/unwrapped/win64.o/xelab.exe -wto a1c410912707409195d5923a570e22df --incr --debug typical --relax --mt 2 -L xil_defaultlib -L unisims_ver -L unimacro_ver -L secureip -L xpm --snapshot top_rf_alu_tb_behav xil_defaultlib.top_rf_alu_tb xil_defaultlib.glbl -log elaborate.log 
Using 2 slave threads.
Starting static elaboration
Pass Through NonSizing Optimizer
Completed static elaboration
INFO: [XSIM 43-4323] No Change in HDL. Linking previously generated obj files to create kernel
INFO: [USF-XSim-69] 'elaborate' step finished in '1' seconds
INFO: [USF-XSim-4] XSim::Simulate design
INFO: [USF-XSim-61] Executing 'SIMULATE' step in 'C:/Users/sm09751/Downloads/CAlab5+6+7/CAlab5+6+7/CAlab5/CAlab5.sim/sim_1/behav/xsim'
INFO: [USF-XSim-98] *** Running xsim
   with args "top_rf_alu_tb_behav -key {Behavioral:sim_1:Functional:top_rf_alu_tb} -tclbatch {top_rf_alu_tb.tcl} -view {C:/Users/sm09751/Downloads/CAlab5+6+7/CAlab5+6+7/CAlab5/top_rf_alu_tb_behav.wcfg} -log {simulate.log}"
INFO: [USF-XSim-8] Loading simulator feature
Vivado Simulator 2020.1
Time resolution is 1 ps
open_wave_config C:/Users/sm09751/Downloads/CAlab5+6+7/CAlab5+6+7/CAlab5/top_rf_alu_tb_behav.wcfg
source top_rf_alu_tb.tcl
# set curr_wave [current_wave_config]
# if { [string length $curr_wave] == 0 } {
#   if { [llength [get_objects]] > 0} {
#     add_wave /
#     set_property needs_save false [current_wave_config]
#   } else {
#      send_msg_id Add_Wave-1 WARNING "No top level signals found. Simulator will start without a wave window. If you want to open a wave window go to 'File->New Waveform Configuration' or type 'create_wave_config' in the TCL console."
#   }
# }
# run all
--- Starting Lab 7 Integrated Simulation ---

Final Verification at S_DONE:
Register x1 contains: 10101010
Register x2 contains: 01010101
ALU Result (AND): 0f0f0f0f
Zero Flag: 0

FAIL: Result or Zero flag mismatch.
$finish called at time : 885 ns : File "C:/Users/sm09751/Downloads/CAlab5+6+7/CAlab5+6+7/CAlab5/CAlab5.srcs/sources_1/new/top_rf_alu.v" Line 75
INFO: [USF-XSim-96] XSim completed. Design snapshot 'top_rf_alu_tb_behav' loaded.
INFO: [USF-XSim-97] XSim simulation ran for all
remove_wave [get_waves*]
ERROR: [Common 17-163] Missing value for option 'patterns', please type 'get_waves -help' for usage info.
remove_wave [get_waves *]
add_wave /top_rf_alu_tb/uut/*
/top_rf_alu_tb/uut/clk /top_rf_alu_tb/uut/reset_btn /top_rf_alu_tb/uut/switches /top_rf_alu_tb/uut/leds /top_rf_alu_tb/uut/seg /top_rf_alu_tb/uut/an /top_rf_alu_tb/uut/reset_debounced /top_rf_alu_tb/uut/enable_1hz /top_rf_alu_tb/uut/enable_refresh /top_rf_alu_tb/uut/rf_ReadData1 /top_rf_alu_tb/uut/rf_ReadData2 /top_rf_alu_tb/uut/rf_WriteEnable /top_rf_alu_tb/uut/rf_rs1 /top_rf_alu_tb/uut/rf_rs2 /top_rf_alu_tb/uut/rf_rd /top_rf_alu_tb/uut/rf_WriteData /top_rf_alu_tb/uut/alu_result /top_rf_alu_tb/uut/alu_zero /top_rf_alu_tb/uut/alu_control /top_rf_alu_tb/uut/state /top_rf_alu_tb/uut/S_IDLE /top_rf_alu_tb/uut/S_WRITE_X1 /top_rf_alu_tb/uut/S_WRITE_X2 /top_rf_alu_tb/uut/S_ADD /top_rf_alu_tb/uut/S_SUB /top_rf_alu_tb/uut/S_AND /top_rf_alu_tb/uut/S_DONE
run all
INFO: [Common 17-41] Interrupt caught. Command should exit soon.
run: Time (s): cpu = 00:05:21 ; elapsed = 00:05:18 . Memory (MB): peak = 1231.746 ; gain = 0.000
INFO: [Common 17-344] 'run' was cancelled
