#-----------------------------------------------------------
# Vivado v2020.1 (64-bit)
# SW Build 2902540 on Wed May 27 19:54:49 MDT 2020
# IP Build 2902112 on Wed May 27 22:43:36 MDT 2020
# Start of session at: Tue Feb 24 14:19:59 2026
# Process ID: 18880
# Current directory: C:/Users/sm09751/Downloads/CAlab5+6+7/CAlab5+6+7/CAlab5
# Command line: vivado.exe -gui_launcher_event rodinguilauncherevent18088 C:\Users\sm09751\Downloads\CAlab5+6+7\CAlab5+6+7\CAlab5\CAlab5.xpr
# Log file: C:/Users/sm09751/Downloads/CAlab5+6+7/CAlab5+6+7/CAlab5/vivado.log
# Journal file: C:/Users/sm09751/Downloads/CAlab5+6+7/CAlab5+6+7/CAlab5\vivado.jou
#-----------------------------------------------------------
start_gui
open_project C:/Users/sm09751/Downloads/CAlab5+6+7/CAlab5+6+7/CAlab5/CAlab5.xpr
Scanning sources...
Finished scanning sources
INFO: [IP_Flow 19-234] Refreshing IP repositories
INFO: [IP_Flow 19-1704] No user IP repositories specified
INFO: [IP_Flow 19-2313] Loaded Vivado IP repository 'C:/Xilinx/Vivado/2020.1/data/ip'.
update_compile_order -fileset sources_1
exit
INFO: [Common 17-206] Exiting Vivado at Tue Feb 24 14:20:33 2026...
compile_order -fileset sources_1
launch_simulation
Command: launch_simulation 
INFO: [Vivado 12-5682] Launching behavioral simulation in 'C:/Users/sm09751/Downloads/CAlab5+6+7/CAlab5+6+7/CAlab5/CAlab5.sim/sim_1/behav/xsim'
INFO: [SIM-utils-51] Simulation object is 'sim_1'
INFO: [USF-XSim-7] Finding pre-compiled libraries...
INFO: [USF-XSim-11] File 'C:/Xilinx/Vivado/2020.1/data/xsim/xsim.ini' copied to run dir:'C:/Users/sm09751/Downloads/CAlab5+6+7/CAlab5+6+7/CAlab5/CAlab5.sim/sim_1/behav/xsim'
INFO: [SIM-utils-54] Inspecting design source files for 'top_rf_alu_tb' in fileset 'sim_1'...
INFO: [USF-XSim-97] Finding global include files...
INFO: [USF-XSim-98] Fetching design files from 'sim_1'...
INFO: [USF-XSim-2] XSim::Compile design
INFO: [USF-XSim-61] Executing 'COMPILE and ANALYZE' step in 'C:/Users/sm09751/Downloads/CAlab5+6+7/CAlab5+6+7/CAlab5/CAlab5.sim/sim_1/behav/xsim'
"xvlog --incr --relax -prj top_rf_alu_tb_vlog.prj"
INFO: [VRFC 10-2263] Analyzing Verilog file "C:/Users/sm09751/Downloads/CAlab5+6+7/CAlab5+6+7/CAlab5/CAlab5.srcs/sources_1/new/ALU_Wrapper.v" into library xil_defaultlib
INFO: [VRFC 10-311] analyzing module ALU_wrapper
INFO: [VRFC 10-2263] Analyzing Verilog file "C:/Users/sm09751/Downloads/CAlab5+6+7/CAlab5+6+7/CAlab5/CAlab5.srcs/sources_1/new/RegisterFile.v" into library xil_defaultlib
INFO: [VRFC 10-311] analyzing module RegisterFile
INFO: [VRFC 10-2263] Analyzing Verilog file "C:/Users/sm09751/Downloads/CAlab5+6+7/CAlab5+6+7/CAlab5/CAlab5.srcs/sources_1/new/alu.v" into library xil_defaultlib
INFO: [VRFC 10-311] analyzing module alu_1bit
INFO: [VRFC 10-2263] Analyzing Verilog file "C:/Users/sm09751/Downloads/CAlab5+6+7/CAlab5+6+7/CAlab5/CAlab5.srcs/sources_1/new/clock_divider.v" into library xil_defaultlib
INFO: [VRFC 10-311] analyzing module clock_divider
INFO: [VRFC 10-2263] Analyzing Verilog file "C:/Users/sm09751/Downloads/CAlab5+6+7/CAlab5+6+7/CAlab5/CAlab5.srcs/sources_1/new/debouncer.v" into library xil_defaultlib
INFO: [VRFC 10-311] analyzing module debouncer
INFO: [VRFC 10-2263] Analyzing Verilog file "C:/Users/sm09751/Downloads/CAlab5+6+7/CAlab5+6+7/CAlab5/CAlab5.srcs/sources_1/new/seven_segment.v" into library xil_defaultlib
INFO: [VRFC 10-311] analyzing module seven_segment
INFO: [VRFC 10-2263] Analyzing Verilog file "C:/Users/sm09751/Downloads/CAlab5+6+7/CAlab5+6+7/CAlab5/CAlab5.srcs/sources_1/new/top.v" into library xil_defaultlib
INFO: [VRFC 10-311] analyzing module top
INFO: [VRFC 10-2263] Analyzing Verilog file "C:/Users/sm09751/Downloads/CAlab5+6+7/CAlab5+6+7/CAlab5/CAlab5.srcs/sources_1/new/top_rf_alu.v" into library xil_defaultlib
INFO: [VRFC 10-311] analyzing module top_rf_alu_tb
INFO: [USF-XSim-69] 'compile' step finished in '1' seconds
INFO: [USF-XSim-3] XSim::Elaborate design
INFO: [USF-XSim-61] Executing 'ELABORATE' step in 'C:/Users/sm09751/Downloads/CAlab5+6+7/CAlab5+6+7/CAlab5/CAlab5.sim/sim_1/behav/xsim'
"xelab -wto a1c410912707409195d5923a570e22df --incr --debug typical --relax --mt 2 -L xil_defaultlib -L unisims_ver -L unimacro_ver -L secureip -L xpm --snapshot top_rf_alu_tb_behav xil_defaultlib.top_rf_alu_tb xil_defaultlib.glbl -log elaborate.log"
Vivado Simulator 2020.1
Copyright 1986-1999, 2001-2020 Xilinx, Inc. All Rights Reserved.
Running: C:/Xilinx/Vivado/2020.1/bin/unwrapped/win64.o/xelab.exe -wto a1c410912707409195d5923a570e22df --incr --debug typical --relax --mt 2 -L xil_defaultlib -L unisims_ver -L unimacro_ver -L secureip -L xpm --snapshot top_rf_alu_tb_behav xil_defaultlib.top_rf_alu_tb xil_defaultlib.glbl -log elaborate.log 
Using 2 slave threads.
Starting static elaboration
Pass Through NonSizing Optimizer
Completed static elaboration
Starting simulation data flow analysis
Completed simulation data flow analysis
Time Resolution for simulation is 1ps
Compiling module xil_defaultlib.debouncer
Compiling module xil_defaultlib.clock_divider(ONE_HZ_LIMIT=10)
Compiling module xil_defaultlib.RegisterFile
Compiling module xil_defaultlib.alu_1bit
Compiling module xil_defaultlib.ALU_wrapper_default
Compiling module xil_defaultlib.seven_segment
Compiling module xil_defaultlib.top
Compiling module xil_defaultlib.top_rf_alu_tb
Compiling module xil_defaultlib.glbl
Built simulation snapshot top_rf_alu_tb_behav
INFO: [USF-XSim-69] 'elaborate' step finished in '1' seconds
INFO: [USF-XSim-4] XSim::Simulate design
INFO: [USF-XSim-61] Executing 'SIMULATE' step in 'C:/Users/sm09751/Downloads/CAlab5+6+7/CAlab5+6+7/CAlab5/CAlab5.sim/sim_1/behav/xsim'
INFO: [USF-XSim-98] *** Running xsim
   with args "top_rf_alu_tb_behav -key {Behavioral:sim_1:Functional:top_rf_alu_tb} -tclbatch {top_rf_alu_tb.tcl} -view {C:/Users/sm09751/Downloads/CAlab5+6+7/CAlab5+6+7/CAlab5/top_rf_alu_tb_behav.wcfg} -log {simulate.log}"
INFO: [USF-XSim-8] Loading simulator feature
Vivado Simulator 2020.1
Time resolution is 1 ps
open_wave_config C:/Users/sm09751/Downloads/CAlab5+6+7/CAlab5+6+7/CAlab5/top_rf_alu_tb_behav.wcfg
source top_rf_alu_tb.tcl
# set curr_wave [current_wave_config]
# if { [string length $curr_wave] == 0 } {
#   if { [llength [get_objects]] > 0} {
#     add_wave /
#     set_property needs_save false [current_wave_config]
#   } else {
#      send_msg_id Add_Wave-1 WARNING "No top level signals found. Simulator will start without a wave window. If you want to open a wave window go to 'File->New Waveform Configuration' or type 'create_wave_config' in the TCL console."
#   }
# }
# run all
Reset applied. FSM running...
Final ALU Result: 00000000
PASS: Integrated sequence completed.
$finish called at time : 5200 ns : File "C:/Users/sm09751/Downloads/CAlab5+6+7/CAlab5+6+7/CAlab5/CAlab5.srcs/sources_1/new/top_rf_alu.v" Line 43
INFO: [USF-XSim-96] XSim completed. Design snapshot 'top_rf_alu_tb_behav' loaded.
INFO: [USF-XSim-97] XSim simulation ran for all
launch_simulation: Time (s): cpu = 00:00:04 ; elapsed = 00:00:06 . Memory (MB): peak = 1269.984 ; gain = 0.000
close_sim
INFO: [Simtcl 6-16] Simulation closed
exit
INFO: [Common 17-206] Exiting Vivado at Tue Feb 24 14:22:03 2026...
