
*** Running vivado
    with args -log top_rf_alu.vds -m64 -product Vivado -mode batch -messageDb vivado.pb -notrace -source top_rf_alu.tcl



****** Vivado v2020.1 (64-bit)
  **** SW Build 2902540 on Wed May 27 19:54:49 MDT 2020
  **** IP Build 2902112 on Wed May 27 22:43:36 MDT 2020
    ** Copyright 1986-2020 Xilinx, Inc. All Rights Reserved.

source top_rf_alu.tcl -notrace
Command: synth_design -top top_rf_alu -part xc7a35tcpg236-1
Starting synth_design
Attempting to get a license for feature 'Synthesis' and/or device 'xc7a35t'
INFO: [Common 17-349] Got license for feature 'Synthesis' and/or device 'xc7a35t'
INFO: [Device 21-403] Loading part xc7a35tcpg236-1
INFO: [Synth 8-7079] Multithreading enabled for synth_design using a maximum of 2 processes.
INFO: [Synth 8-7078] Launching helper process for spawning children vivado processes
INFO: [Synth 8-7075] Helper process launched with PID 5508
---------------------------------------------------------------------------------
Starting RTL Elaboration : Time (s): cpu = 00:00:02 ; elapsed = 00:00:02 . Memory (MB): peak = 1033.324 ; gain = 0.000
---------------------------------------------------------------------------------
INFO: [Synth 8-6157] synthesizing module 'top_rf_alu' [C:/Users/sm09751/Downloads/CAlab5+6+7/CAlab5+6+7/CAlab5/CAlab5.srcs/sources_1/new/top_rf_alu.v:8]
	Parameter S_IDLE bound to: 3'b000 
	Parameter S_WRITE_CONST bound to: 3'b001 
	Parameter S_ADD bound to: 3'b010 
	Parameter S_SUB bound to: 3'b011 
	Parameter S_AND bound to: 3'b100 
	Parameter S_DONE bound to: 3'b101 
INFO: [Synth 8-6157] synthesizing module 'debouncer' [C:/Users/sm09751/Downloads/CAlab5+6+7/CAlab5+6+7/CAlab5/CAlab5.srcs/sources_1/new/debouncer.v:3]
INFO: [Synth 8-6155] done synthesizing module 'debouncer' (1#1) [C:/Users/sm09751/Downloads/CAlab5+6+7/CAlab5+6+7/CAlab5/CAlab5.srcs/sources_1/new/debouncer.v:3]
INFO: [Synth 8-6157] synthesizing module 'clock_divider' [C:/Users/sm09751/Downloads/CAlab5+6+7/CAlab5+6+7/CAlab5/CAlab5.srcs/sources_1/new/clock_divider.v:3]
	Parameter ONE_HZ_LIMIT bound to: 100000000 - type: integer 
	Parameter REFRESH_LIMIT bound to: 200000 - type: integer 
INFO: [Synth 8-6155] done synthesizing module 'clock_divider' (2#1) [C:/Users/sm09751/Downloads/CAlab5+6+7/CAlab5+6+7/CAlab5/CAlab5.srcs/sources_1/new/clock_divider.v:3]
INFO: [Synth 8-6157] synthesizing module 'RegisterFile' [C:/Users/sm09751/Downloads/CAlab5+6+7/CAlab5+6+7/CAlab5/CAlab5.srcs/sources_1/new/RegisterFile.v:8]
INFO: [Synth 8-6155] done synthesizing module 'RegisterFile' (3#1) [C:/Users/sm09751/Downloads/CAlab5+6+7/CAlab5+6+7/CAlab5/CAlab5.srcs/sources_1/new/RegisterFile.v:8]
INFO: [Synth 8-6157] synthesizing module 'ALU_wrapper' [C:/Users/sm09751/Downloads/CAlab5+6+7/CAlab5+6+7/CAlab5/CAlab5.srcs/sources_1/new/ALU_Wrapper.v:22]
	Parameter Size bound to: 32 - type: integer 
INFO: [Synth 8-6157] synthesizing module 'alu_1bit' [C:/Users/sm09751/Downloads/CAlab5+6+7/CAlab5+6+7/CAlab5/CAlab5.srcs/sources_1/new/alu.v:23]
INFO: [Synth 8-6155] done synthesizing module 'alu_1bit' (4#1) [C:/Users/sm09751/Downloads/CAlab5+6+7/CAlab5+6+7/CAlab5/CAlab5.srcs/sources_1/new/alu.v:23]
INFO: [Synth 8-6155] done synthesizing module 'ALU_wrapper' (5#1) [C:/Users/sm09751/Downloads/CAlab5+6+7/CAlab5+6+7/CAlab5/CAlab5.srcs/sources_1/new/ALU_Wrapper.v:22]
INFO: [Synth 8-6157] synthesizing module 'led' [C:/Users/sm09751/Downloads/CAlab5+6+7/CAlab5+6+7/CAlab5/CAlab5.srcs/sources_1/new/led.v:3]
INFO: [Synth 8-6155] done synthesizing module 'led' (6#1) [C:/Users/sm09751/Downloads/CAlab5+6+7/CAlab5+6+7/CAlab5/CAlab5.srcs/sources_1/new/led.v:3]
INFO: [Synth 8-6157] synthesizing module 'seven_segment' [C:/Users/sm09751/Downloads/CAlab5+6+7/CAlab5+6+7/CAlab5/CAlab5.srcs/sources_1/new/seven_segment.v:3]
INFO: [Synth 8-226] default block is never used [C:/Users/sm09751/Downloads/CAlab5+6+7/CAlab5+6+7/CAlab5/CAlab5.srcs/sources_1/new/seven_segment.v:25]
INFO: [Synth 8-226] default block is never used [C:/Users/sm09751/Downloads/CAlab5+6+7/CAlab5+6+7/CAlab5/CAlab5.srcs/sources_1/new/seven_segment.v:36]
INFO: [Synth 8-226] default block is never used [C:/Users/sm09751/Downloads/CAlab5+6+7/CAlab5+6+7/CAlab5/CAlab5.srcs/sources_1/new/seven_segment.v:48]
INFO: [Synth 8-6155] done synthesizing module 'seven_segment' (7#1) [C:/Users/sm09751/Downloads/CAlab5+6+7/CAlab5+6+7/CAlab5/CAlab5.srcs/sources_1/new/seven_segment.v:3]
INFO: [Synth 8-6155] done synthesizing module 'top_rf_alu' (8#1) [C:/Users/sm09751/Downloads/CAlab5+6+7/CAlab5+6+7/CAlab5/CAlab5.srcs/sources_1/new/top_rf_alu.v:8]
---------------------------------------------------------------------------------
Finished RTL Elaboration : Time (s): cpu = 00:00:03 ; elapsed = 00:00:03 . Memory (MB): peak = 1033.324 ; gain = 0.000
---------------------------------------------------------------------------------
---------------------------------------------------------------------------------
Start Handling Custom Attributes
---------------------------------------------------------------------------------
---------------------------------------------------------------------------------
Finished Handling Custom Attributes : Time (s): cpu = 00:00:03 ; elapsed = 00:00:03 . Memory (MB): peak = 1033.324 ; gain = 0.000
---------------------------------------------------------------------------------
---------------------------------------------------------------------------------
Finished RTL Optimization Phase 1 : Time (s): cpu = 00:00:03 ; elapsed = 00:00:03 . Memory (MB): peak = 1033.324 ; gain = 0.000
---------------------------------------------------------------------------------
Netlist sorting complete. Time (s): cpu = 00:00:00 ; elapsed = 00:00:00.011 . Memory (MB): peak = 1033.324 ; gain = 0.000
INFO: [Project 1-570] Preparing netlist for logic optimization

Processing XDC Constraints
Initializing timing engine
Parsing XDC File [C:/Users/sm09751/Downloads/CAlab5+6+7/CAlab5+6+7/CAlab5/CAlab5.srcs/constrs_1/new/alu_constraint.xdc]
WARNING: [Vivado 12-584] No ports matched 'sw[0]'. [C:/Users/sm09751/Downloads/CAlab5+6+7/CAlab5+6+7/CAlab5/CAlab5.srcs/constrs_1/new/alu_constraint.xdc:8]
CRITICAL WARNING: [Common 17-55] 'set_property' expects at least one object. [C:/Users/sm09751/Downloads/CAlab5+6+7/CAlab5+6+7/CAlab5/CAlab5.srcs/constrs_1/new/alu_constraint.xdc:8]
Resolution: If [get_<value>] was used to populate the object, check to make sure this command returns at least one valid object.
WARNING: [Vivado 12-584] No ports matched 'sw[0]'. [C:/Users/sm09751/Downloads/CAlab5+6+7/CAlab5+6+7/CAlab5/CAlab5.srcs/constrs_1/new/alu_constraint.xdc:9]
CRITICAL WARNING: [Common 17-55] 'set_property' expects at least one object. [C:/Users/sm09751/Downloads/CAlab5+6+7/CAlab5+6+7/CAlab5/CAlab5.srcs/constrs_1/new/alu_constraint.xdc:9]
Resolution: If [get_<value>] was used to populate the object, check to make sure this command returns at least one valid object.
WARNING: [Vivado 12-584] No ports matched 'sw[1]'. [C:/Users/sm09751/Downloads/CAlab5+6+7/CAlab5+6+7/CAlab5/CAlab5.srcs/constrs_1/new/alu_constraint.xdc:10]
CRITICAL WARNING: [Common 17-55] 'set_property' expects at least one object. [C:/Users/sm09751/Downloads/CAlab5+6+7/CAlab5+6+7/CAlab5/CAlab5.srcs/constrs_1/new/alu_constraint.xdc:10]
Resolution: If [get_<value>] was used to populate the object, check to make sure this command returns at least one valid object.
WARNING: [Vivado 12-584] No ports matched 'sw[1]'. [C:/Users/sm09751/Downloads/CAlab5+6+7/CAlab5+6+7/CAlab5/CAlab5.srcs/constrs_1/new/alu_constraint.xdc:11]
CRITICAL WARNING: [Common 17-55] 'set_property' expects at least one object. [C:/Users/sm09751/Downloads/CAlab5+6+7/CAlab5+6+7/CAlab5/CAlab5.srcs/constrs_1/new/alu_constraint.xdc:11]
Resolution: If [get_<value>] was used to populate the object, check to make sure this command returns at least one valid object.
WARNING: [Vivado 12-584] No ports matched 'sw[2]'. [C:/Users/sm09751/Downloads/CAlab5+6+7/CAlab5+6+7/CAlab5/CAlab5.srcs/constrs_1/new/alu_constraint.xdc:12]
CRITICAL WARNING: [Common 17-55] 'set_property' expects at least one object. [C:/Users/sm09751/Downloads/CAlab5+6+7/CAlab5+6+7/CAlab5/CAlab5.srcs/constrs_1/new/alu_constraint.xdc:12]
Resolution: If [get_<value>] was used to populate the object, check to make sure this command returns at least one valid object.
WARNING: [Vivado 12-584] No ports matched 'sw[2]'. [C:/Users/sm09751/Downloads/CAlab5+6+7/CAlab5+6+7/CAlab5/CAlab5.srcs/constrs_1/new/alu_constraint.xdc:13]
CRITICAL WARNING: [Common 17-55] 'set_property' expects at least one object. [C:/Users/sm09751/Downloads/CAlab5+6+7/CAlab5+6+7/CAlab5/CAlab5.srcs/constrs_1/new/alu_constraint.xdc:13]
Resolution: If [get_<value>] was used to populate the object, check to make sure this command returns at least one valid object.
WARNING: [Vivado 12-584] No ports matched 'sw[3]'. [C:/Users/sm09751/Downloads/CAlab5+6+7/CAlab5+6+7/CAlab5/CAlab5.srcs/constrs_1/new/alu_constraint.xdc:14]
CRITICAL WARNING: [Common 17-55] 'set_property' expects at least one object. [C:/Users/sm09751/Downloads/CAlab5+6+7/CAlab5+6+7/CAlab5/CAlab5.srcs/constrs_1/new/alu_constraint.xdc:14]
Resolution: If [get_<value>] was used to populate the object, check to make sure this command returns at least one valid object.
WARNING: [Vivado 12-584] No ports matched 'sw[3]'. [C:/Users/sm09751/Downloads/CAlab5+6+7/CAlab5+6+7/CAlab5/CAlab5.srcs/constrs_1/new/alu_constraint.xdc:15]
CRITICAL WARNING: [Common 17-55] 'set_property' expects at least one object. [C:/Users/sm09751/Downloads/CAlab5+6+7/CAlab5+6+7/CAlab5/CAlab5.srcs/constrs_1/new/alu_constraint.xdc:15]
Resolution: If [get_<value>] was used to populate the object, check to make sure this command returns at least one valid object.
WARNING: [Vivado 12-584] No ports matched 'led_out[0]'. [C:/Users/sm09751/Downloads/CAlab5+6+7/CAlab5+6+7/CAlab5/CAlab5.srcs/constrs_1/new/alu_constraint.xdc:18]
CRITICAL WARNING: [Common 17-55] 'set_property' expects at least one object. [C:/Users/sm09751/Downloads/CAlab5+6+7/CAlab5+6+7/CAlab5/CAlab5.srcs/constrs_1/new/alu_constraint.xdc:18]
Resolution: If [get_<value>] was used to populate the object, check to make sure this command returns at least one valid object.
WARNING: [Vivado 12-584] No ports matched 'led_out[0]'. [C:/Users/sm09751/Downloads/CAlab5+6+7/CAlab5+6+7/CAlab5/CAlab5.srcs/constrs_1/new/alu_constraint.xdc:19]
CRITICAL WARNING: [Common 17-55] 'set_property' expects at least one object. [C:/Users/sm09751/Downloads/CAlab5+6+7/CAlab5+6+7/CAlab5/CAlab5.srcs/constrs_1/new/alu_constraint.xdc:19]
Resolution: If [get_<value>] was used to populate the object, check to make sure this command returns at least one valid object.
WARNING: [Vivado 12-584] No ports matched 'led_out[1]'. [C:/Users/sm09751/Downloads/CAlab5+6+7/CAlab5+6+7/CAlab5/CAlab5.srcs/constrs_1/new/alu_constraint.xdc:20]
CRITICAL WARNING: [Common 17-55] 'set_property' expects at least one object. [C:/Users/sm09751/Downloads/CAlab5+6+7/CAlab5+6+7/CAlab5/CAlab5.srcs/constrs_1/new/alu_constraint.xdc:20]
Resolution: If [get_<value>] was used to populate the object, check to make sure this command returns at least one valid object.
WARNING: [Vivado 12-584] No ports matched 'led_out[1]'. [C:/Users/sm09751/Downloads/CAlab5+6+7/CAlab5+6+7/CAlab5/CAlab5.srcs/constrs_1/new/alu_constraint.xdc:21]
CRITICAL WARNING: [Common 17-55] 'set_property' expects at least one object. [C:/Users/sm09751/Downloads/CAlab5+6+7/CAlab5+6+7/CAlab5/CAlab5.srcs/constrs_1/new/alu_constraint.xdc:21]
Resolution: If [get_<value>] was used to populate the object, check to make sure this command returns at least one valid object.
WARNING: [Vivado 12-584] No ports matched 'led_out[2]'. [C:/Users/sm09751/Downloads/CAlab5+6+7/CAlab5+6+7/CAlab5/CAlab5.srcs/constrs_1/new/alu_constraint.xdc:22]
CRITICAL WARNING: [Common 17-55] 'set_property' expects at least one object. [C:/Users/sm09751/Downloads/CAlab5+6+7/CAlab5+6+7/CAlab5/CAlab5.srcs/constrs_1/new/alu_constraint.xdc:22]
Resolution: If [get_<value>] was used to populate the object, check to make sure this command returns at least one valid object.
WARNING: [Vivado 12-584] No ports matched 'led_out[2]'. [C:/Users/sm09751/Downloads/CAlab5+6+7/CAlab5+6+7/CAlab5/CAlab5.srcs/constrs_1/new/alu_constraint.xdc:23]
CRITICAL WARNING: [Common 17-55] 'set_property' expects at least one object. [C:/Users/sm09751/Downloads/CAlab5+6+7/CAlab5+6+7/CAlab5/CAlab5.srcs/constrs_1/new/alu_constraint.xdc:23]
Resolution: If [get_<value>] was used to populate the object, check to make sure this command returns at least one valid object.
WARNING: [Vivado 12-584] No ports matched 'led_out[3]'. [C:/Users/sm09751/Downloads/CAlab5+6+7/CAlab5+6+7/CAlab5/CAlab5.srcs/constrs_1/new/alu_constraint.xdc:24]
CRITICAL WARNING: [Common 17-55] 'set_property' expects at least one object. [C:/Users/sm09751/Downloads/CAlab5+6+7/CAlab5+6+7/CAlab5/CAlab5.srcs/constrs_1/new/alu_constraint.xdc:24]
Resolution: If [get_<value>] was used to populate the object, check to make sure this command returns at least one valid object.
WARNING: [Vivado 12-584] No ports matched 'led_out[3]'. [C:/Users/sm09751/Downloads/CAlab5+6+7/CAlab5+6+7/CAlab5/CAlab5.srcs/constrs_1/new/alu_constraint.xdc:25]
CRITICAL WARNING: [Common 17-55] 'set_property' expects at least one object. [C:/Users/sm09751/Downloads/CAlab5+6+7/CAlab5+6+7/CAlab5/CAlab5.srcs/constrs_1/new/alu_constraint.xdc:25]
Resolution: If [get_<value>] was used to populate the object, check to make sure this command returns at least one valid object.
WARNING: [Vivado 12-584] No ports matched 'led_out[4]'. [C:/Users/sm09751/Downloads/CAlab5+6+7/CAlab5+6+7/CAlab5/CAlab5.srcs/constrs_1/new/alu_constraint.xdc:26]
CRITICAL WARNING: [Common 17-55] 'set_property' expects at least one object. [C:/Users/sm09751/Downloads/CAlab5+6+7/CAlab5+6+7/CAlab5/CAlab5.srcs/constrs_1/new/alu_constraint.xdc:26]
Resolution: If [get_<value>] was used to populate the object, check to make sure this command returns at least one valid object.
WARNING: [Vivado 12-584] No ports matched 'led_out[4]'. [C:/Users/sm09751/Downloads/CAlab5+6+7/CAlab5+6+7/CAlab5/CAlab5.srcs/constrs_1/new/alu_constraint.xdc:27]
CRITICAL WARNING: [Common 17-55] 'set_property' expects at least one object. [C:/Users/sm09751/Downloads/CAlab5+6+7/CAlab5+6+7/CAlab5/CAlab5.srcs/constrs_1/new/alu_constraint.xdc:27]
Resolution: If [get_<value>] was used to populate the object, check to make sure this command returns at least one valid object.
WARNING: [Vivado 12-584] No ports matched 'led_out[5]'. [C:/Users/sm09751/Downloads/CAlab5+6+7/CAlab5+6+7/CAlab5/CAlab5.srcs/constrs_1/new/alu_constraint.xdc:28]
CRITICAL WARNING: [Common 17-55] 'set_property' expects at least one object. [C:/Users/sm09751/Downloads/CAlab5+6+7/CAlab5+6+7/CAlab5/CAlab5.srcs/constrs_1/new/alu_constraint.xdc:28]
Resolution: If [get_<value>] was used to populate the object, check to make sure this command returns at least one valid object.
WARNING: [Vivado 12-584] No ports matched 'led_out[5]'. [C:/Users/sm09751/Downloads/CAlab5+6+7/CAlab5+6+7/CAlab5/CAlab5.srcs/constrs_1/new/alu_constraint.xdc:29]
CRITICAL WARNING: [Common 17-55] 'set_property' expects at least one object. [C:/Users/sm09751/Downloads/CAlab5+6+7/CAlab5+6+7/CAlab5/CAlab5.srcs/constrs_1/new/alu_constraint.xdc:29]
Resolution: If [get_<value>] was used to populate the object, check to make sure this command returns at least one valid object.
WARNING: [Vivado 12-584] No ports matched 'led_out[6]'. [C:/Users/sm09751/Downloads/CAlab5+6+7/CAlab5+6+7/CAlab5/CAlab5.srcs/constrs_1/new/alu_constraint.xdc:30]
CRITICAL WARNING: [Common 17-55] 'set_property' expects at least one object. [C:/Users/sm09751/Downloads/CAlab5+6+7/CAlab5+6+7/CAlab5/CAlab5.srcs/constrs_1/new/alu_constraint.xdc:30]
Resolution: If [get_<value>] was used to populate the object, check to make sure this command returns at least one valid object.
WARNING: [Vivado 12-584] No ports matched 'led_out[6]'. [C:/Users/sm09751/Downloads/CAlab5+6+7/CAlab5+6+7/CAlab5/CAlab5.srcs/constrs_1/new/alu_constraint.xdc:31]
CRITICAL WARNING: [Common 17-55] 'set_property' expects at least one object. [C:/Users/sm09751/Downloads/CAlab5+6+7/CAlab5+6+7/CAlab5/CAlab5.srcs/constrs_1/new/alu_constraint.xdc:31]
Resolution: If [get_<value>] was used to populate the object, check to make sure this command returns at least one valid object.
WARNING: [Vivado 12-584] No ports matched 'led_out[7]'. [C:/Users/sm09751/Downloads/CAlab5+6+7/CAlab5+6+7/CAlab5/CAlab5.srcs/constrs_1/new/alu_constraint.xdc:32]
CRITICAL WARNING: [Common 17-55] 'set_property' expects at least one object. [C:/Users/sm09751/Downloads/CAlab5+6+7/CAlab5+6+7/CAlab5/CAlab5.srcs/constrs_1/new/alu_constraint.xdc:32]
Resolution: If [get_<value>] was used to populate the object, check to make sure this command returns at least one valid object.
WARNING: [Vivado 12-584] No ports matched 'led_out[7]'. [C:/Users/sm09751/Downloads/CAlab5+6+7/CAlab5+6+7/CAlab5/CAlab5.srcs/constrs_1/new/alu_constraint.xdc:33]
CRITICAL WARNING: [Common 17-55] 'set_property' expects at least one object. [C:/Users/sm09751/Downloads/CAlab5+6+7/CAlab5+6+7/CAlab5/CAlab5.srcs/constrs_1/new/alu_constraint.xdc:33]
Resolution: If [get_<value>] was used to populate the object, check to make sure this command returns at least one valid object.
WARNING: [Vivado 12-584] No ports matched 'led_out[8]'. [C:/Users/sm09751/Downloads/CAlab5+6+7/CAlab5+6+7/CAlab5/CAlab5.srcs/constrs_1/new/alu_constraint.xdc:34]
CRITICAL WARNING: [Common 17-55] 'set_property' expects at least one object. [C:/Users/sm09751/Downloads/CAlab5+6+7/CAlab5+6+7/CAlab5/CAlab5.srcs/constrs_1/new/alu_constraint.xdc:34]
Resolution: If [get_<value>] was used to populate the object, check to make sure this command returns at least one valid object.
WARNING: [Vivado 12-584] No ports matched 'led_out[8]'. [C:/Users/sm09751/Downloads/CAlab5+6+7/CAlab5+6+7/CAlab5/CAlab5.srcs/constrs_1/new/alu_constraint.xdc:35]
CRITICAL WARNING: [Common 17-55] 'set_property' expects at least one object. [C:/Users/sm09751/Downloads/CAlab5+6+7/CAlab5+6+7/CAlab5/CAlab5.srcs/constrs_1/new/alu_constraint.xdc:35]
Resolution: If [get_<value>] was used to populate the object, check to make sure this command returns at least one valid object.
WARNING: [Vivado 12-584] No ports matched 'led_out[9]'. [C:/Users/sm09751/Downloads/CAlab5+6+7/CAlab5+6+7/CAlab5/CAlab5.srcs/constrs_1/new/alu_constraint.xdc:36]
CRITICAL WARNING: [Common 17-55] 'set_property' expects at least one object. [C:/Users/sm09751/Downloads/CAlab5+6+7/CAlab5+6+7/CAlab5/CAlab5.srcs/constrs_1/new/alu_constraint.xdc:36]
Resolution: If [get_<value>] was used to populate the object, check to make sure this command returns at least one valid object.
WARNING: [Vivado 12-584] No ports matched 'led_out[9]'. [C:/Users/sm09751/Downloads/CAlab5+6+7/CAlab5+6+7/CAlab5/CAlab5.srcs/constrs_1/new/alu_constraint.xdc:37]
CRITICAL WARNING: [Common 17-55] 'set_property' expects at least one object. [C:/Users/sm09751/Downloads/CAlab5+6+7/CAlab5+6+7/CAlab5/CAlab5.srcs/constrs_1/new/alu_constraint.xdc:37]
Resolution: If [get_<value>] was used to populate the object, check to make sure this command returns at least one valid object.
WARNING: [Vivado 12-584] No ports matched 'led_out[10]'. [C:/Users/sm09751/Downloads/CAlab5+6+7/CAlab5+6+7/CAlab5/CAlab5.srcs/constrs_1/new/alu_constraint.xdc:38]
CRITICAL WARNING: [Common 17-55] 'set_property' expects at least one object. [C:/Users/sm09751/Downloads/CAlab5+6+7/CAlab5+6+7/CAlab5/CAlab5.srcs/constrs_1/new/alu_constraint.xdc:38]
Resolution: If [get_<value>] was used to populate the object, check to make sure this command returns at least one valid object.
WARNING: [Vivado 12-584] No ports matched 'led_out[10]'. [C:/Users/sm09751/Downloads/CAlab5+6+7/CAlab5+6+7/CAlab5/CAlab5.srcs/constrs_1/new/alu_constraint.xdc:39]
CRITICAL WARNING: [Common 17-55] 'set_property' expects at least one object. [C:/Users/sm09751/Downloads/CAlab5+6+7/CAlab5+6+7/CAlab5/CAlab5.srcs/constrs_1/new/alu_constraint.xdc:39]
Resolution: If [get_<value>] was used to populate the object, check to make sure this command returns at least one valid object.
WARNING: [Vivado 12-584] No ports matched 'led_out[11]'. [C:/Users/sm09751/Downloads/CAlab5+6+7/CAlab5+6+7/CAlab5/CAlab5.srcs/constrs_1/new/alu_constraint.xdc:40]
CRITICAL WARNING: [Common 17-55] 'set_property' expects at least one object. [C:/Users/sm09751/Downloads/CAlab5+6+7/CAlab5+6+7/CAlab5/CAlab5.srcs/constrs_1/new/alu_constraint.xdc:40]
Resolution: If [get_<value>] was used to populate the object, check to make sure this command returns at least one valid object.
WARNING: [Vivado 12-584] No ports matched 'led_out[11]'. [C:/Users/sm09751/Downloads/CAlab5+6+7/CAlab5+6+7/CAlab5/CAlab5.srcs/constrs_1/new/alu_constraint.xdc:41]
CRITICAL WARNING: [Common 17-55] 'set_property' expects at least one object. [C:/Users/sm09751/Downloads/CAlab5+6+7/CAlab5+6+7/CAlab5/CAlab5.srcs/constrs_1/new/alu_constraint.xdc:41]
Resolution: If [get_<value>] was used to populate the object, check to make sure this command returns at least one valid object.
WARNING: [Vivado 12-584] No ports matched 'led_out[12]'. [C:/Users/sm09751/Downloads/CAlab5+6+7/CAlab5+6+7/CAlab5/CAlab5.srcs/constrs_1/new/alu_constraint.xdc:42]
CRITICAL WARNING: [Common 17-55] 'set_property' expects at least one object. [C:/Users/sm09751/Downloads/CAlab5+6+7/CAlab5+6+7/CAlab5/CAlab5.srcs/constrs_1/new/alu_constraint.xdc:42]
Resolution: If [get_<value>] was used to populate the object, check to make sure this command returns at least one valid object.
WARNING: [Vivado 12-584] No ports matched 'led_out[12]'. [C:/Users/sm09751/Downloads/CAlab5+6+7/CAlab5+6+7/CAlab5/CAlab5.srcs/constrs_1/new/alu_constraint.xdc:43]
CRITICAL WARNING: [Common 17-55] 'set_property' expects at least one object. [C:/Users/sm09751/Downloads/CAlab5+6+7/CAlab5+6+7/CAlab5/CAlab5.srcs/constrs_1/new/alu_constraint.xdc:43]
Resolution: If [get_<value>] was used to populate the object, check to make sure this command returns at least one valid object.
WARNING: [Vivado 12-584] No ports matched 'led_out[13]'. [C:/Users/sm09751/Downloads/CAlab5+6+7/CAlab5+6+7/CAlab5/CAlab5.srcs/constrs_1/new/alu_constraint.xdc:44]
CRITICAL WARNING: [Common 17-55] 'set_property' expects at least one object. [C:/Users/sm09751/Downloads/CAlab5+6+7/CAlab5+6+7/CAlab5/CAlab5.srcs/constrs_1/new/alu_constraint.xdc:44]
Resolution: If [get_<value>] was used to populate the object, check to make sure this command returns at least one valid object.
WARNING: [Vivado 12-584] No ports matched 'led_out[13]'. [C:/Users/sm09751/Downloads/CAlab5+6+7/CAlab5+6+7/CAlab5/CAlab5.srcs/constrs_1/new/alu_constraint.xdc:45]
CRITICAL WARNING: [Common 17-55] 'set_property' expects at least one object. [C:/Users/sm09751/Downloads/CAlab5+6+7/CAlab5+6+7/CAlab5/CAlab5.srcs/constrs_1/new/alu_constraint.xdc:45]
Resolution: If [get_<value>] was used to populate the object, check to make sure this command returns at least one valid object.
WARNING: [Vivado 12-584] No ports matched 'led_out[14]'. [C:/Users/sm09751/Downloads/CAlab5+6+7/CAlab5+6+7/CAlab5/CAlab5.srcs/constrs_1/new/alu_constraint.xdc:46]
CRITICAL WARNING: [Common 17-55] 'set_property' expects at least one object. [C:/Users/sm09751/Downloads/CAlab5+6+7/CAlab5+6+7/CAlab5/CAlab5.srcs/constrs_1/new/alu_constraint.xdc:46]
Resolution: If [get_<value>] was used to populate the object, check to make sure this command returns at least one valid object.
WARNING: [Vivado 12-584] No ports matched 'led_out[14]'. [C:/Users/sm09751/Downloads/CAlab5+6+7/CAlab5+6+7/CAlab5/CAlab5.srcs/constrs_1/new/alu_constraint.xdc:47]
CRITICAL WARNING: [Common 17-55] 'set_property' expects at least one object. [C:/Users/sm09751/Downloads/CAlab5+6+7/CAlab5+6+7/CAlab5/CAlab5.srcs/constrs_1/new/alu_constraint.xdc:47]
Resolution: If [get_<value>] was used to populate the object, check to make sure this command returns at least one valid object.
WARNING: [Vivado 12-584] No ports matched 'led_out[15]'. [C:/Users/sm09751/Downloads/CAlab5+6+7/CAlab5+6+7/CAlab5/CAlab5.srcs/constrs_1/new/alu_constraint.xdc:48]
CRITICAL WARNING: [Common 17-55] 'set_property' expects at least one object. [C:/Users/sm09751/Downloads/CAlab5+6+7/CAlab5+6+7/CAlab5/CAlab5.srcs/constrs_1/new/alu_constraint.xdc:48]
Resolution: If [get_<value>] was used to populate the object, check to make sure this command returns at least one valid object.
WARNING: [Vivado 12-584] No ports matched 'led_out[15]'. [C:/Users/sm09751/Downloads/CAlab5+6+7/CAlab5+6+7/CAlab5/CAlab5.srcs/constrs_1/new/alu_constraint.xdc:49]
CRITICAL WARNING: [Common 17-55] 'set_property' expects at least one object. [C:/Users/sm09751/Downloads/CAlab5+6+7/CAlab5+6+7/CAlab5/CAlab5.srcs/constrs_1/new/alu_constraint.xdc:49]
Resolution: If [get_<value>] was used to populate the object, check to make sure this command returns at least one valid object.
WARNING: [Vivado 12-584] No ports matched 'btnc'. [C:/Users/sm09751/Downloads/CAlab5+6+7/CAlab5+6+7/CAlab5/CAlab5.srcs/constrs_1/new/alu_constraint.xdc:52]
CRITICAL WARNING: [Common 17-55] 'set_property' expects at least one object. [C:/Users/sm09751/Downloads/CAlab5+6+7/CAlab5+6+7/CAlab5/CAlab5.srcs/constrs_1/new/alu_constraint.xdc:52]
Resolution: If [get_<value>] was used to populate the object, check to make sure this command returns at least one valid object.
WARNING: [Vivado 12-584] No ports matched 'btnc'. [C:/Users/sm09751/Downloads/CAlab5+6+7/CAlab5+6+7/CAlab5/CAlab5.srcs/constrs_1/new/alu_constraint.xdc:53]
CRITICAL WARNING: [Common 17-55] 'set_property' expects at least one object. [C:/Users/sm09751/Downloads/CAlab5+6+7/CAlab5+6+7/CAlab5/CAlab5.srcs/constrs_1/new/alu_constraint.xdc:53]
Resolution: If [get_<value>] was used to populate the object, check to make sure this command returns at least one valid object.
WARNING: [Vivado 12-584] No ports matched 'rst'. [C:/Users/sm09751/Downloads/CAlab5+6+7/CAlab5+6+7/CAlab5/CAlab5.srcs/constrs_1/new/alu_constraint.xdc:54]
CRITICAL WARNING: [Common 17-55] 'set_property' expects at least one object. [C:/Users/sm09751/Downloads/CAlab5+6+7/CAlab5+6+7/CAlab5/CAlab5.srcs/constrs_1/new/alu_constraint.xdc:54]
Resolution: If [get_<value>] was used to populate the object, check to make sure this command returns at least one valid object.
WARNING: [Vivado 12-584] No ports matched 'rst'. [C:/Users/sm09751/Downloads/CAlab5+6+7/CAlab5+6+7/CAlab5/CAlab5.srcs/constrs_1/new/alu_constraint.xdc:55]
CRITICAL WARNING: [Common 17-55] 'set_property' expects at least one object. [C:/Users/sm09751/Downloads/CAlab5+6+7/CAlab5+6+7/CAlab5/CAlab5.srcs/constrs_1/new/alu_constraint.xdc:55]
Resolution: If [get_<value>] was used to populate the object, check to make sure this command returns at least one valid object.
Finished Parsing XDC File [C:/Users/sm09751/Downloads/CAlab5+6+7/CAlab5+6+7/CAlab5/CAlab5.srcs/constrs_1/new/alu_constraint.xdc]
INFO: [Project 1-236] Implementation specific constraints were found while reading constraint file [C:/Users/sm09751/Downloads/CAlab5+6+7/CAlab5+6+7/CAlab5/CAlab5.srcs/constrs_1/new/alu_constraint.xdc]. These constraints will be ignored for synthesis but will be used in implementation. Impacted constraints are listed in the file [.Xil/top_rf_alu_propImpl.xdc].
Resolution: To avoid this warning, move constraints listed in [.Xil/top_rf_alu_propImpl.xdc] to another XDC file and exclude this new file from synthesis with the used_in_synthesis property (File Properties dialog in GUI) and re-run elaboration/synthesis.
Completed Processing XDC Constraints

Netlist sorting complete. Time (s): cpu = 00:00:00 ; elapsed = 00:00:00 . Memory (MB): peak = 1042.535 ; gain = 0.000
INFO: [Project 1-111] Unisim Transformation Summary:
No Unisim elements were transformed.

Constraint Validation Runtime : Time (s): cpu = 00:00:00 ; elapsed = 00:00:00.004 . Memory (MB): peak = 1042.535 ; gain = 0.000
---------------------------------------------------------------------------------
Finished Constraint Validation : Time (s): cpu = 00:00:07 ; elapsed = 00:00:07 . Memory (MB): peak = 1042.535 ; gain = 9.211
---------------------------------------------------------------------------------
---------------------------------------------------------------------------------
Start Loading Part and Timing Information
---------------------------------------------------------------------------------
Loading part: xc7a35tcpg236-1
---------------------------------------------------------------------------------
Finished Loading Part and Timing Information : Time (s): cpu = 00:00:07 ; elapsed = 00:00:07 . Memory (MB): peak = 1042.535 ; gain = 9.211
---------------------------------------------------------------------------------
---------------------------------------------------------------------------------
Start Applying 'set_property' XDC Constraints
---------------------------------------------------------------------------------
---------------------------------------------------------------------------------
Finished applying 'set_property' XDC Constraints : Time (s): cpu = 00:00:07 ; elapsed = 00:00:07 . Memory (MB): peak = 1042.535 ; gain = 9.211
---------------------------------------------------------------------------------
INFO: [Synth 8-802] inferred FSM for state register 'state_reg' in module 'top_rf_alu'
---------------------------------------------------------------------------------------------------
                   State |                     New Encoding |                Previous Encoding 
---------------------------------------------------------------------------------------------------
                  S_IDLE |                           000001 |                              000
           S_WRITE_CONST |                           000010 |                              001
                   S_ADD |                           000100 |                              010
                   S_SUB |                           001000 |                              011
                   S_AND |                           010000 |                              100
                  S_DONE |                           100000 |                              101
---------------------------------------------------------------------------------------------------
INFO: [Synth 8-3354] encoded FSM with state register 'state_reg' using encoding 'one-hot' in module 'top_rf_alu'
---------------------------------------------------------------------------------
Finished RTL Optimization Phase 2 : Time (s): cpu = 00:00:07 ; elapsed = 00:00:07 . Memory (MB): peak = 1042.535 ; gain = 9.211
---------------------------------------------------------------------------------
---------------------------------------------------------------------------------
Start RTL Component Statistics 
---------------------------------------------------------------------------------
Detailed RTL Component Info : 
+---Adders : 
	   2 Input   30 Bit       Adders := 1     
	   2 Input   27 Bit       Adders := 1     
	   2 Input   18 Bit       Adders := 1     
	   2 Input    2 Bit       Adders := 1     
+---XORs : 
	   2 Input      1 Bit         XORs := 64    
+---Registers : 
	               32 Bit    Registers := 33    
	               30 Bit    Registers := 1     
	               27 Bit    Registers := 1     
	               18 Bit    Registers := 1     
	                8 Bit    Registers := 2     
	                5 Bit    Registers := 3     
	                4 Bit    Registers := 1     
	                2 Bit    Registers := 1     
	                1 Bit    Registers := 10    
+---Muxes : 
	  33 Input   32 Bit        Muxes := 2     
	   3 Input   32 Bit        Muxes := 1     
	   2 Input   32 Bit        Muxes := 1     
	   2 Input   30 Bit        Muxes := 1     
	   2 Input   27 Bit        Muxes := 1     
	   2 Input   18 Bit        Muxes := 1     
	   2 Input   16 Bit        Muxes := 1     
	   6 Input    6 Bit        Muxes := 1     
	   4 Input    4 Bit        Muxes := 2     
	   2 Input    1 Bit        Muxes := 130   
	   6 Input    1 Bit        Muxes := 35    
---------------------------------------------------------------------------------
Finished RTL Component Statistics 
---------------------------------------------------------------------------------
---------------------------------------------------------------------------------
Start Part Resource Summary
---------------------------------------------------------------------------------
Part Resources:
DSPs: 90 (col length:60)
BRAMs: 100 (col length: RAMB18 60 RAMB36 30)
---------------------------------------------------------------------------------
Finished Part Resource Summary
---------------------------------------------------------------------------------
---------------------------------------------------------------------------------
Start Cross Boundary and Area Optimization
---------------------------------------------------------------------------------
---------------------------------------------------------------------------------
Finished Cross Boundary and Area Optimization : Time (s): cpu = 00:00:09 ; elapsed = 00:00:08 . Memory (MB): peak = 1042.535 ; gain = 9.211
---------------------------------------------------------------------------------
---------------------------------------------------------------------------------
Start Applying XDC Timing Constraints
---------------------------------------------------------------------------------
---------------------------------------------------------------------------------
Finished Applying XDC Timing Constraints : Time (s): cpu = 00:00:13 ; elapsed = 00:00:13 . Memory (MB): peak = 1042.535 ; gain = 9.211
---------------------------------------------------------------------------------
---------------------------------------------------------------------------------
Start Timing Optimization
---------------------------------------------------------------------------------
---------------------------------------------------------------------------------
Finished Timing Optimization : Time (s): cpu = 00:00:13 ; elapsed = 00:00:13 . Memory (MB): peak = 1042.535 ; gain = 9.211
---------------------------------------------------------------------------------
---------------------------------------------------------------------------------
Start Technology Mapping
---------------------------------------------------------------------------------
---------------------------------------------------------------------------------
Finished Technology Mapping : Time (s): cpu = 00:00:13 ; elapsed = 00:00:13 . Memory (MB): peak = 1042.535 ; gain = 9.211
---------------------------------------------------------------------------------
---------------------------------------------------------------------------------
Start IO Insertion
---------------------------------------------------------------------------------
---------------------------------------------------------------------------------
Start Flattening Before IO Insertion
---------------------------------------------------------------------------------
---------------------------------------------------------------------------------
Finished Flattening Before IO Insertion
---------------------------------------------------------------------------------
---------------------------------------------------------------------------------
Start Final Netlist Cleanup
---------------------------------------------------------------------------------
---------------------------------------------------------------------------------
Finished Final Netlist Cleanup
---------------------------------------------------------------------------------
---------------------------------------------------------------------------------
Finished IO Insertion : Time (s): cpu = 00:00:14 ; elapsed = 00:00:14 . Memory (MB): peak = 1042.535 ; gain = 9.211
---------------------------------------------------------------------------------
---------------------------------------------------------------------------------
Start Renaming Generated Instances
---------------------------------------------------------------------------------
---------------------------------------------------------------------------------
Finished Renaming Generated Instances : Time (s): cpu = 00:00:14 ; elapsed = 00:00:14 . Memory (MB): peak = 1042.535 ; gain = 9.211
---------------------------------------------------------------------------------
---------------------------------------------------------------------------------
Start Rebuilding User Hierarchy
---------------------------------------------------------------------------------
---------------------------------------------------------------------------------
Finished Rebuilding User Hierarchy : Time (s): cpu = 00:00:14 ; elapsed = 00:00:14 . Memory (MB): peak = 1042.535 ; gain = 9.211
---------------------------------------------------------------------------------
---------------------------------------------------------------------------------
Start Renaming Generated Ports
---------------------------------------------------------------------------------
---------------------------------------------------------------------------------
Finished Renaming Generated Ports : Time (s): cpu = 00:00:14 ; elapsed = 00:00:14 . Memory (MB): peak = 1042.535 ; gain = 9.211
---------------------------------------------------------------------------------
---------------------------------------------------------------------------------
Start Handling Custom Attributes
---------------------------------------------------------------------------------
---------------------------------------------------------------------------------
Finished Handling Custom Attributes : Time (s): cpu = 00:00:14 ; elapsed = 00:00:14 . Memory (MB): peak = 1042.535 ; gain = 9.211
---------------------------------------------------------------------------------
---------------------------------------------------------------------------------
Start Renaming Generated Nets
---------------------------------------------------------------------------------
---------------------------------------------------------------------------------
Finished Renaming Generated Nets : Time (s): cpu = 00:00:14 ; elapsed = 00:00:14 . Memory (MB): peak = 1042.535 ; gain = 9.211
---------------------------------------------------------------------------------
---------------------------------------------------------------------------------
Start Writing Synthesis Report
---------------------------------------------------------------------------------

Report BlackBoxes: 
+-+--------------+----------+
| |BlackBox name |Instances |
+-+--------------+----------+
+-+--------------+----------+

Report Cell Usage: 
+------+-------+------+
|      |Cell   |Count |
+------+-------+------+
|1     |BUFG   |     1|
|2     |CARRY4 |    20|
|3     |LUT1   |     3|
|4     |LUT2   |     7|
|5     |LUT3   |    14|
|6     |LUT4   |    47|
|7     |LUT5   |    49|
|8     |LUT6   |    24|
|9     |MUXF7  |     1|
|10    |FDRE   |   115|
|11    |FDSE   |     1|
|12    |IBUF   |     2|
|13    |OBUF   |    27|
+------+-------+------+
---------------------------------------------------------------------------------
Finished Writing Synthesis Report : Time (s): cpu = 00:00:14 ; elapsed = 00:00:14 . Memory (MB): peak = 1042.535 ; gain = 9.211
---------------------------------------------------------------------------------
Synthesis finished with 0 errors, 0 critical warnings and 0 warnings.
Synthesis Optimization Runtime : Time (s): cpu = 00:00:09 ; elapsed = 00:00:13 . Memory (MB): peak = 1042.535 ; gain = 0.000
Synthesis Optimization Complete : Time (s): cpu = 00:00:14 ; elapsed = 00:00:15 . Memory (MB): peak = 1042.535 ; gain = 9.211
INFO: [Project 1-571] Translating synthesized netlist
Netlist sorting complete. Time (s): cpu = 00:00:00 ; elapsed = 00:00:00.002 . Memory (MB): peak = 1054.328 ; gain = 0.000
INFO: [Netlist 29-17] Analyzing 21 Unisim elements for replacement
INFO: [Netlist 29-28] Unisim Transformation completed in 0 CPU seconds
INFO: [Project 1-570] Preparing netlist for logic optimization
INFO: [Opt 31-138] Pushed 0 inverter(s) to 0 load pin(s).
Netlist sorting complete. Time (s): cpu = 00:00:00 ; elapsed = 00:00:00 . Memory (MB): peak = 1054.328 ; gain = 0.000
INFO: [Project 1-111] Unisim Transformation Summary:
No Unisim elements were transformed.

INFO: [Common 17-83] Releasing license: Synthesis
36 Infos, 44 Warnings, 44 Critical Warnings and 0 Errors encountered.
synth_design completed successfully
synth_design: Time (s): cpu = 00:00:17 ; elapsed = 00:00:18 . Memory (MB): peak = 1054.328 ; gain = 21.004
INFO: [Common 17-1381] The checkpoint 'C:/Users/sm09751/Downloads/CAlab5+6+7/CAlab5+6+7/CAlab5/CAlab5.runs/synth_1/top_rf_alu.dcp' has been generated.
INFO: [runtcl-4] Executing : report_utilization -file top_rf_alu_utilization_synth.rpt -pb top_rf_alu_utilization_synth.pb
INFO: [Common 17-206] Exiting Vivado at Tue Feb 24 13:12:21 2026...
